{"/Users/sgolub/code/0din/prompt-toolkit/packages/typescript/src/cm-lsh.ts": {"path":"/Users/sgolub/code/0din/prompt-toolkit/packages/typescript/src/cm-lsh.ts","statementMap":{"0":{"start":{"line":18,"column":0},"end":{"line":18,"column":34}},"1":{"start":{"line":38,"column":2},"end":{"line":38,"column":37}},"2":{"start":{"line":37,"column":0},"end":{"line":37,"column":16}},"3":{"start":{"line":85,"column":29},"end":{"line":85,"column":31}},"4":{"start":{"line":86,"column":2},"end":{"line":93,"column":3}},"5":{"start":{"line":86,"column":15},"end":{"line":86,"column":16}},"6":{"start":{"line":88,"column":6},"end":{"line":91,"column":27}},"7":{"start":{"line":92,"column":4},"end":{"line":92,"column":34}},"8":{"start":{"line":94,"column":2},"end":{"line":94,"column":27}},"9":{"start":{"line":101,"column":26},"end":{"line":101,"column":28}},"10":{"start":{"line":102,"column":2},"end":{"line":105,"column":3}},"11":{"start":{"line":103,"column":14},"end":{"line":103,"column":36}},"12":{"start":{"line":104,"column":4},"end":{"line":104,"column":74}},"13":{"start":{"line":106,"column":2},"end":{"line":106,"column":14}},"14":{"start":{"line":113,"column":17},"end":{"line":113,"column":48}},"15":{"start":{"line":114,"column":2},"end":{"line":120,"column":3}},"16":{"start":{"line":114,"column":15},"end":{"line":114,"column":16}},"17":{"start":{"line":115,"column":14},"end":{"line":115,"column":15}},"18":{"start":{"line":116,"column":4},"end":{"line":118,"column":5}},"19":{"start":{"line":116,"column":17},"end":{"line":116,"column":18}},"20":{"start":{"line":117,"column":6},"end":{"line":117,"column":35}},"21":{"start":{"line":119,"column":4},"end":{"line":119,"column":20}},"22":{"start":{"line":121,"column":2},"end":{"line":121,"column":16}},"23":{"start":{"line":128,"column":2},"end":{"line":128,"column":33}},"24":{"start":{"line":128,"column":24},"end":{"line":128,"column":33}},"25":{"start":{"line":130,"column":17},"end":{"line":130,"column":54}},"26":{"start":{"line":130,"column":48},"end":{"line":130,"column":53}},"27":{"start":{"line":131,"column":16},"end":{"line":131,"column":47}},"28":{"start":{"line":132,"column":16},"end":{"line":132,"column":33}},"29":{"start":{"line":133,"column":16},"end":{"line":133,"column":32}},"30":{"start":{"line":134,"column":17},"end":{"line":134,"column":30}},"31":{"start":{"line":136,"column":2},"end":{"line":138,"column":3}},"32":{"start":{"line":137,"column":4},"end":{"line":137,"column":25}},"33":{"start":{"line":139,"column":2},"end":{"line":139,"column":63}},"34":{"start":{"line":147,"column":2},"end":{"line":147,"column":31}},"35":{"start":{"line":147,"column":18},"end":{"line":147,"column":31}},"36":{"start":{"line":148,"column":2},"end":{"line":148,"column":55}},"37":{"start":{"line":148,"column":30},"end":{"line":148,"column":55}},"38":{"start":{"line":151,"column":2},"end":{"line":156,"column":3}},"39":{"start":{"line":151,"column":15},"end":{"line":151,"column":16}},"40":{"start":{"line":152,"column":4},"end":{"line":155,"column":5}},"41":{"start":{"line":153,"column":16},"end":{"line":153,"column":49}},"42":{"start":{"line":154,"column":6},"end":{"line":154,"column":45}},"43":{"start":{"line":158,"column":2},"end":{"line":158,"column":27}},"44":{"start":{"line":165,"column":2},"end":{"line":165,"column":41}},"45":{"start":{"line":180,"column":12},"end":{"line":180,"column":29}},"46":{"start":{"line":181,"column":12},"end":{"line":181,"column":29}},"47":{"start":{"line":182,"column":12},"end":{"line":182,"column":24}},"48":{"start":{"line":183,"column":12},"end":{"line":183,"column":24}},"49":{"start":{"line":190,"column":20},"end":{"line":190,"column":50}},"50":{"start":{"line":191,"column":4},"end":{"line":191,"column":55}},"51":{"start":{"line":212,"column":12},"end":{"line":212,"column":32}},"52":{"start":{"line":214,"column":12},"end":{"line":214,"column":28}},"53":{"start":{"line":215,"column":12},"end":{"line":215,"column":29}},"54":{"start":{"line":217,"column":4},"end":{"line":222,"column":6}},"55":{"start":{"line":233,"column":18},"end":{"line":233,"column":45}},"56":{"start":{"line":234,"column":15},"end":{"line":234,"column":16}},"57":{"start":{"line":235,"column":4},"end":{"line":237,"column":5}},"58":{"start":{"line":235,"column":17},"end":{"line":235,"column":18}},"59":{"start":{"line":236,"column":6},"end":{"line":236,"column":34}},"60":{"start":{"line":238,"column":4},"end":{"line":238,"column":27}},"61":{"start":{"line":240,"column":4},"end":{"line":244,"column":5}},"62":{"start":{"line":241,"column":6},"end":{"line":243,"column":7}},"63":{"start":{"line":241,"column":19},"end":{"line":241,"column":20}},"64":{"start":{"line":242,"column":8},"end":{"line":242,"column":25}},"65":{"start":{"line":246,"column":4},"end":{"line":246,"column":32}},"66":{"start":{"line":254,"column":15},"end":{"line":254,"column":59}},"67":{"start":{"line":258,"column":21},"end":{"line":258,"column":49}},"68":{"start":{"line":259,"column":4},"end":{"line":261,"column":5}},"69":{"start":{"line":259,"column":17},"end":{"line":259,"column":18}},"70":{"start":{"line":260,"column":6},"end":{"line":260,"column":53}},"71":{"start":{"line":264,"column":20},"end":{"line":264,"column":60}},"72":{"start":{"line":267,"column":15},"end":{"line":267,"column":59}},"73":{"start":{"line":270,"column":17},"end":{"line":270,"column":38}},"74":{"start":{"line":271,"column":4},"end":{"line":271,"column":20}},"75":{"start":{"line":272,"column":4},"end":{"line":272,"column":22}},"76":{"start":{"line":275,"column":29},"end":{"line":275,"column":31}},"77":{"start":{"line":276,"column":4},"end":{"line":278,"column":5}},"78":{"start":{"line":276,"column":17},"end":{"line":276,"column":18}},"79":{"start":{"line":277,"column":6},"end":{"line":277,"column":30}},"80":{"start":{"line":282,"column":20},"end":{"line":282,"column":49}},"81":{"start":{"line":283,"column":4},"end":{"line":285,"column":5}},"82":{"start":{"line":283,"column":17},"end":{"line":283,"column":18}},"83":{"start":{"line":284,"column":6},"end":{"line":284,"column":37}},"84":{"start":{"line":286,"column":23},"end":{"line":286,"column":46}},"85":{"start":{"line":288,"column":32},"end":{"line":288,"column":34}},"86":{"start":{"line":289,"column":4},"end":{"line":291,"column":5}},"87":{"start":{"line":289,"column":17},"end":{"line":289,"column":18}},"88":{"start":{"line":290,"column":6},"end":{"line":290,"column":45}},"89":{"start":{"line":294,"column":18},"end":{"line":294,"column":33}},"90":{"start":{"line":295,"column":18},"end":{"line":295,"column":36}},"91":{"start":{"line":298,"column":20},"end":{"line":298,"column":49}},"92":{"start":{"line":299,"column":28},"end":{"line":299,"column":30}},"93":{"start":{"line":300,"column":4},"end":{"line":303,"column":5}},"94":{"start":{"line":300,"column":17},"end":{"line":300,"column":18}},"95":{"start":{"line":301,"column":6},"end":{"line":301,"column":50}},"96":{"start":{"line":302,"column":6},"end":{"line":302,"column":37}},"97":{"start":{"line":302,"column":31},"end":{"line":302,"column":37}},"98":{"start":{"line":305,"column":4},"end":{"line":305,"column":46}},"99":{"start":{"line":316,"column":19},"end":{"line":316,"column":39}},"100":{"start":{"line":317,"column":4},"end":{"line":317,"column":43}},"101":{"start":{"line":324,"column":15},"end":{"line":324,"column":35}},"102":{"start":{"line":325,"column":15},"end":{"line":325,"column":35}},"103":{"start":{"line":326,"column":15},"end":{"line":326,"column":35}},"104":{"start":{"line":327,"column":15},"end":{"line":327,"column":35}},"105":{"start":{"line":330,"column":21},"end":{"line":330,"column":22}},"106":{"start":{"line":331,"column":21},"end":{"line":331,"column":22}},"107":{"start":{"line":332,"column":25},"end":{"line":332,"column":26}},"108":{"start":{"line":333,"column":25},"end":{"line":333,"column":26}},"109":{"start":{"line":335,"column":4},"end":{"line":346,"column":5}},"110":{"start":{"line":335,"column":17},"end":{"line":335,"column":18}},"111":{"start":{"line":336,"column":20},"end":{"line":336,"column":35}},"112":{"start":{"line":337,"column":23},"end":{"line":337,"column":37}},"113":{"start":{"line":339,"column":6},"end":{"line":339,"column":30}},"114":{"start":{"line":339,"column":17},"end":{"line":339,"column":30}},"115":{"start":{"line":340,"column":6},"end":{"line":340,"column":19}},"116":{"start":{"line":342,"column":6},"end":{"line":345,"column":7}},"117":{"start":{"line":343,"column":8},"end":{"line":343,"column":36}},"118":{"start":{"line":343,"column":19},"end":{"line":343,"column":36}},"119":{"start":{"line":344,"column":8},"end":{"line":344,"column":25}},"120":{"start":{"line":348,"column":29},"end":{"line":348,"column":52}},"121":{"start":{"line":351,"column":4},"end":{"line":356,"column":5}},"122":{"start":{"line":352,"column":28},"end":{"line":352,"column":59}},"123":{"start":{"line":353,"column":6},"end":{"line":353,"column":78}},"124":{"start":{"line":355,"column":6},"end":{"line":355,"column":30}},"125":{"start":{"line":367,"column":4},"end":{"line":367,"column":50}},"126":{"start":{"line":379,"column":4},"end":{"line":379,"column":41}},"127":{"start":{"line":389,"column":14},"end":{"line":389,"column":34}},"128":{"start":{"line":392,"column":18},"end":{"line":392,"column":45}},"129":{"start":{"line":393,"column":15},"end":{"line":393,"column":16}},"130":{"start":{"line":394,"column":4},"end":{"line":396,"column":5}},"131":{"start":{"line":394,"column":17},"end":{"line":394,"column":18}},"132":{"start":{"line":395,"column":6},"end":{"line":395,"column":34}},"133":{"start":{"line":397,"column":4},"end":{"line":397,"column":27}},"134":{"start":{"line":399,"column":4},"end":{"line":403,"column":5}},"135":{"start":{"line":400,"column":6},"end":{"line":402,"column":7}},"136":{"start":{"line":400,"column":19},"end":{"line":400,"column":20}},"137":{"start":{"line":401,"column":8},"end":{"line":401,"column":25}},"138":{"start":{"line":406,"column":18},"end":{"line":406,"column":52}},"139":{"start":{"line":408,"column":4},"end":{"line":408,"column":36}},"140":{"start":{"line":208,"column":0},"end":{"line":208,"column":13}},"141":{"start":{"line":425,"column":29},"end":{"line":425,"column":31}},"142":{"start":{"line":426,"column":2},"end":{"line":432,"column":3}},"143":{"start":{"line":426,"column":15},"end":{"line":426,"column":16}},"144":{"start":{"line":427,"column":16},"end":{"line":427,"column":38}},"145":{"start":{"line":428,"column":4},"end":{"line":430,"column":5}},"146":{"start":{"line":428,"column":17},"end":{"line":428,"column":18}},"147":{"start":{"line":429,"column":6},"end":{"line":429,"column":47}},"148":{"start":{"line":431,"column":4},"end":{"line":431,"column":17}},"149":{"start":{"line":433,"column":2},"end":{"line":433,"column":12}},"150":{"start":{"line":424,"column":0},"end":{"line":424,"column":16}},"151":{"start":{"line":440,"column":30},"end":{"line":440,"column":32}},"152":{"start":{"line":441,"column":2},"end":{"line":447,"column":3}},"153":{"start":{"line":441,"column":15},"end":{"line":441,"column":16}},"154":{"start":{"line":442,"column":14},"end":{"line":442,"column":15}},"155":{"start":{"line":443,"column":4},"end":{"line":445,"column":5}},"156":{"start":{"line":443,"column":17},"end":{"line":443,"column":18}},"157":{"start":{"line":444,"column":6},"end":{"line":444,"column":54}},"158":{"start":{"line":446,"column":4},"end":{"line":446,"column":27}},"159":{"start":{"line":448,"column":2},"end":{"line":448,"column":28}},"160":{"start":{"line":468,"column":16},"end":{"line":468,"column":55}},"161":{"start":{"line":472,"column":18},"end":{"line":472,"column":43}},"162":{"start":{"line":473,"column":15},"end":{"line":473,"column":43}},"163":{"start":{"line":477,"column":30},"end":{"line":477,"column":32}},"164":{"start":{"line":478,"column":2},"end":{"line":484,"column":3}},"165":{"start":{"line":478,"column":15},"end":{"line":478,"column":16}},"166":{"start":{"line":479,"column":16},"end":{"line":479,"column":44}},"167":{"start":{"line":480,"column":4},"end":{"line":482,"column":5}},"168":{"start":{"line":481,"column":6},"end":{"line":481,"column":19}},"169":{"start":{"line":483,"column":4},"end":{"line":483,"column":18}},"170":{"start":{"line":487,"column":35},"end":{"line":487,"column":37}},"171":{"start":{"line":488,"column":2},"end":{"line":492,"column":3}},"172":{"start":{"line":488,"column":15},"end":{"line":488,"column":16}},"173":{"start":{"line":489,"column":16},"end":{"line":489,"column":37}},"174":{"start":{"line":490,"column":4},"end":{"line":490,"column":17}},"175":{"start":{"line":491,"column":4},"end":{"line":491,"column":23}},"176":{"start":{"line":494,"column":25},"end":{"line":494,"column":48}},"177":{"start":{"line":495,"column":31},"end":{"line":495,"column":63}},"178":{"start":{"line":498,"column":45},"end":{"line":503,"column":4}},"179":{"start":{"line":505,"column":2},"end":{"line":505,"column":65}},"180":{"start":{"line":466,"column":0},"end":{"line":466,"column":16}}},"fnMap":{"0":{"name":"lshTsCompat","decl":{"start":{"line":37,"column":16},"end":{"line":37,"column":27}},"loc":{"start":{"line":37,"column":42},"end":{"line":39,"column":1}}},"1":{"name":"packBits","decl":{"start":{"line":84,"column":9},"end":{"line":84,"column":17}},"loc":{"start":{"line":84,"column":33},"end":{"line":95,"column":1}}},"2":{"name":"unpackBits","decl":{"start":{"line":100,"column":9},"end":{"line":100,"column":19}},"loc":{"start":{"line":100,"column":31},"end":{"line":107,"column":1}}},"3":{"name":"matmulVec","decl":{"start":{"line":112,"column":9},"end":{"line":112,"column":18}},"loc":{"start":{"line":112,"column":60},"end":{"line":122,"column":1}}},"4":{"name":"percentile","decl":{"start":{"line":127,"column":9},"end":{"line":127,"column":19}},"loc":{"start":{"line":127,"column":48},"end":{"line":140,"column":1}}},"5":{"name":"(anonymous_5)","decl":{"start":{"line":130,"column":38},"end":{"line":130,"column":39}},"loc":{"start":{"line":130,"column":48},"end":{"line":130,"column":53}}},"6":{"name":"interp","decl":{"start":{"line":145,"column":9},"end":{"line":145,"column":15}},"loc":{"start":{"line":145,"column":53},"end":{"line":159,"column":1}}},"7":{"name":"clamp","decl":{"start":{"line":164,"column":9},"end":{"line":164,"column":14}},"loc":{"start":{"line":164,"column":50},"end":{"line":166,"column":1}}},"8":{"name":"(anonymous_8)","decl":{"start":{"line":179,"column":2},"end":{"line":179,"column":null}},"loc":{"start":{"line":183,"column":24},"end":{"line":184,"column":6}}},"9":{"name":"(anonymous_9)","decl":{"start":{"line":189,"column":2},"end":{"line":189,"column":9}},"loc":{"start":{"line":189,"column":19},"end":{"line":192,"column":3}}},"10":{"name":"(anonymous_10)","decl":{"start":{"line":211,"column":2},"end":{"line":211,"column":null}},"loc":{"start":{"line":215,"column":30},"end":{"line":223,"column":3}}},"11":{"name":"(anonymous_11)","decl":{"start":{"line":231,"column":2},"end":{"line":231,"column":6}},"loc":{"start":{"line":231,"column":26},"end":{"line":247,"column":3}}},"12":{"name":"(anonymous_12)","decl":{"start":{"line":252,"column":10},"end":{"line":252,"column":18}},"loc":{"start":{"line":252,"column":36},"end":{"line":306,"column":3}}},"13":{"name":"(anonymous_13)","decl":{"start":{"line":315,"column":2},"end":{"line":315,"column":5}},"loc":{"start":{"line":315,"column":32},"end":{"line":318,"column":3}}},"14":{"name":"(anonymous_14)","decl":{"start":{"line":323,"column":10},"end":{"line":323,"column":17}},"loc":{"start":{"line":323,"column":44},"end":{"line":357,"column":3}}},"15":{"name":"(anonymous_15)","decl":{"start":{"line":366,"column":2},"end":{"line":366,"column":5}},"loc":{"start":{"line":366,"column":32},"end":{"line":368,"column":3}}},"16":{"name":"(anonymous_16)","decl":{"start":{"line":378,"column":2},"end":{"line":378,"column":7}},"loc":{"start":{"line":378,"column":60},"end":{"line":380,"column":3}}},"17":{"name":"(anonymous_17)","decl":{"start":{"line":388,"column":2},"end":{"line":388,"column":13}},"loc":{"start":{"line":388,"column":33},"end":{"line":409,"column":3}}},"18":{"name":"genHyperplanes","decl":{"start":{"line":424,"column":16},"end":{"line":424,"column":30}},"loc":{"start":{"line":424,"column":73},"end":{"line":434,"column":1}}},"19":{"name":"lshTsHash","decl":{"start":{"line":439,"column":9},"end":{"line":439,"column":18}},"loc":{"start":{"line":439,"column":66},"end":{"line":449,"column":1}}},"20":{"name":"createDefaultCmLsh","decl":{"start":{"line":466,"column":16},"end":{"line":466,"column":34}},"loc":{"start":{"line":466,"column":73},"end":{"line":506,"column":1}}}},"branchMap":{"0":{"loc":{"start":{"line":88,"column":7},"end":{"line":88,"column":22}},"type":"cond-expr","locations":[{"start":{"line":88,"column":17},"end":{"line":88,"column":18}},{"start":{"line":88,"column":21},"end":{"line":88,"column":22}}]},"1":{"loc":{"start":{"line":89,"column":7},"end":{"line":89,"column":26}},"type":"cond-expr","locations":[{"start":{"line":89,"column":21},"end":{"line":89,"column":22}},{"start":{"line":89,"column":25},"end":{"line":89,"column":26}}]},"2":{"loc":{"start":{"line":90,"column":7},"end":{"line":90,"column":26}},"type":"cond-expr","locations":[{"start":{"line":90,"column":21},"end":{"line":90,"column":22}},{"start":{"line":90,"column":25},"end":{"line":90,"column":26}}]},"3":{"loc":{"start":{"line":91,"column":7},"end":{"line":91,"column":26}},"type":"cond-expr","locations":[{"start":{"line":91,"column":21},"end":{"line":91,"column":22}},{"start":{"line":91,"column":25},"end":{"line":91,"column":26}}]},"4":{"loc":{"start":{"line":128,"column":2},"end":{"line":128,"column":33}},"type":"if","locations":[{"start":{"line":128,"column":2},"end":{"line":128,"column":33}}]},"5":{"loc":{"start":{"line":136,"column":2},"end":{"line":138,"column":3}},"type":"if","locations":[{"start":{"line":136,"column":2},"end":{"line":138,"column":3}}]},"6":{"loc":{"start":{"line":147,"column":2},"end":{"line":147,"column":31}},"type":"if","locations":[{"start":{"line":147,"column":2},"end":{"line":147,"column":31}}]},"7":{"loc":{"start":{"line":148,"column":2},"end":{"line":148,"column":55}},"type":"if","locations":[{"start":{"line":148,"column":2},"end":{"line":148,"column":55}}]},"8":{"loc":{"start":{"line":152,"column":4},"end":{"line":155,"column":5}},"type":"if","locations":[{"start":{"line":152,"column":4},"end":{"line":155,"column":5}}]},"9":{"loc":{"start":{"line":152,"column":8},"end":{"line":152,"column":36}},"type":"binary-expr","locations":[{"start":{"line":152,"column":8},"end":{"line":152,"column":18}},{"start":{"line":152,"column":22},"end":{"line":152,"column":36}}]},"10":{"loc":{"start":{"line":214,"column":12},"end":{"line":214,"column":32}},"type":"default-arg","locations":[{"start":{"line":214,"column":28},"end":{"line":214,"column":32}}]},"11":{"loc":{"start":{"line":215,"column":12},"end":{"line":215,"column":30}},"type":"default-arg","locations":[{"start":{"line":215,"column":29},"end":{"line":215,"column":30}}]},"12":{"loc":{"start":{"line":240,"column":4},"end":{"line":244,"column":5}},"type":"if","locations":[{"start":{"line":240,"column":4},"end":{"line":244,"column":5}}]},"13":{"loc":{"start":{"line":302,"column":6},"end":{"line":302,"column":37}},"type":"if","locations":[{"start":{"line":302,"column":6},"end":{"line":302,"column":37}}]},"14":{"loc":{"start":{"line":337,"column":23},"end":{"line":337,"column":37}},"type":"binary-expr","locations":[{"start":{"line":337,"column":23},"end":{"line":337,"column":28}},{"start":{"line":337,"column":32},"end":{"line":337,"column":37}}]},"15":{"loc":{"start":{"line":339,"column":6},"end":{"line":339,"column":30}},"type":"if","locations":[{"start":{"line":339,"column":6},"end":{"line":339,"column":30}}]},"16":{"loc":{"start":{"line":342,"column":6},"end":{"line":345,"column":7}},"type":"if","locations":[{"start":{"line":342,"column":6},"end":{"line":345,"column":7}}]},"17":{"loc":{"start":{"line":343,"column":8},"end":{"line":343,"column":36}},"type":"if","locations":[{"start":{"line":343,"column":8},"end":{"line":343,"column":36}}]},"18":{"loc":{"start":{"line":351,"column":4},"end":{"line":356,"column":5}},"type":"if","locations":[{"start":{"line":351,"column":4},"end":{"line":356,"column":5}},{"start":{"line":354,"column":11},"end":{"line":356,"column":5}}]},"19":{"loc":{"start":{"line":378,"column":36},"end":{"line":378,"column":60}},"type":"default-arg","locations":[{"start":{"line":378,"column":56},"end":{"line":378,"column":60}}]},"20":{"loc":{"start":{"line":399,"column":4},"end":{"line":403,"column":5}},"type":"if","locations":[{"start":{"line":399,"column":4},"end":{"line":403,"column":5}}]},"21":{"loc":{"start":{"line":466,"column":55},"end":{"line":466,"column":73}},"type":"default-arg","locations":[{"start":{"line":466,"column":72},"end":{"line":466,"column":73}}]},"22":{"loc":{"start":{"line":480,"column":4},"end":{"line":482,"column":5}},"type":"if","locations":[{"start":{"line":480,"column":4},"end":{"line":482,"column":5}}]},"23":{"loc":{"start":{"line":480,"column":8},"end":{"line":480,"column":37}},"type":"binary-expr","locations":[{"start":{"line":480,"column":8},"end":{"line":480,"column":19}},{"start":{"line":480,"column":23},"end":{"line":480,"column":37}}]}},"s":{"0":5,"1":6,"2":5,"3":29,"4":29,"5":29,"6":3648,"7":3648,"8":29,"9":16,"10":16,"11":2048,"12":2048,"13":16,"14":42,"15":42,"16":42,"17":10752,"18":10752,"19":10752,"20":3073024,"21":10752,"22":42,"23":14,"24":0,"25":14,"26":33988,"27":14,"28":14,"29":14,"30":14,"31":14,"32":0,"33":14,"34":4,"35":0,"36":4,"37":2,"38":2,"39":2,"40":2,"41":2,"42":2,"43":0,"44":4,"45":8,"46":8,"47":8,"48":8,"49":4,"50":4,"51":8,"52":8,"53":8,"54":8,"55":14,"56":14,"57":14,"58":14,"59":4210,"60":14,"61":14,"62":14,"63":14,"64":4210,"65":14,"66":14,"67":14,"68":14,"69":14,"70":4210,"71":14,"72":14,"73":14,"74":14,"75":14,"76":14,"77":14,"78":14,"79":7168,"80":14,"81":14,"82":14,"83":7168,"84":14,"85":14,"86":14,"87":14,"88":7168,"89":14,"90":14,"91":14,"92":14,"93":14,"94":14,"95":896,"96":896,"97":14,"98":14,"99":4,"100":4,"101":4,"102":4,"103":4,"104":4,"105":4,"106":4,"107":4,"108":4,"109":4,"110":4,"111":2048,"112":2048,"113":2048,"114":1536,"115":2048,"116":2048,"117":1005,"118":756,"119":1005,"120":4,"121":4,"122":4,"123":4,"124":0,"125":0,"126":0,"127":1,"128":1,"129":1,"130":1,"131":1,"132":384,"133":1,"134":1,"135":1,"136":1,"137":384,"138":1,"139":1,"140":5,"141":8,"142":8,"143":8,"144":2048,"145":2048,"146":2048,"147":487936,"148":2048,"149":8,"150":5,"151":1,"152":1,"153":1,"154":256,"155":256,"156":256,"157":98304,"158":256,"159":1,"160":8,"161":8,"162":8,"163":8,"164":8,"165":8,"166":2048,"167":2048,"168":1394,"169":2048,"170":8,"171":8,"172":8,"173":2048,"174":2048,"175":2048,"176":8,"177":8,"178":8,"179":8,"180":5},"f":{"0":6,"1":29,"2":16,"3":42,"4":14,"5":33988,"6":4,"7":4,"8":8,"9":4,"10":8,"11":14,"12":14,"13":4,"14":4,"15":0,"16":0,"17":1,"18":8,"19":1,"20":8},"b":{"0":[1827,1821],"1":[1827,1821],"2":[1832,1816],"3":[1801,1847],"4":[0],"5":[0],"6":[0],"7":[2],"8":[2],"9":[2,2],"10":[0],"11":[0],"12":[14],"13":[14],"14":[2048,1014],"15":[1536],"16":[1005],"17":[756],"18":[4,0],"19":[0],"20":[1],"21":[0],"22":[1394],"23":[2048,1394]}}
,"/Users/sgolub/code/0din/prompt-toolkit/packages/typescript/src/error.ts": {"path":"/Users/sgolub/code/0din/prompt-toolkit/packages/typescript/src/error.ts","statementMap":{"0":{"start":{"line":27,"column":4},"end":{"line":27,"column":19}},"1":{"start":{"line":28,"column":4},"end":{"line":28,"column":27}},"2":{"start":{"line":30,"column":4},"end":{"line":30,"column":54}},"3":{"start":{"line":25,"column":0},"end":{"line":25,"column":13}},"4":{"start":{"line":47,"column":4},"end":{"line":47,"column":19}},"5":{"start":{"line":48,"column":4},"end":{"line":48,"column":30}},"6":{"start":{"line":45,"column":0},"end":{"line":45,"column":13}},"7":{"start":{"line":65,"column":4},"end":{"line":65,"column":19}},"8":{"start":{"line":66,"column":4},"end":{"line":66,"column":32}},"9":{"start":{"line":63,"column":0},"end":{"line":63,"column":13}},"10":{"start":{"line":82,"column":4},"end":{"line":82,"column":19}},"11":{"start":{"line":83,"column":4},"end":{"line":83,"column":29}},"12":{"start":{"line":80,"column":0},"end":{"line":80,"column":13}},"13":{"start":{"line":107,"column":4},"end":{"line":107,"column":19}},"14":{"start":{"line":108,"column":4},"end":{"line":108,"column":36}},"15":{"start":{"line":105,"column":0},"end":{"line":105,"column":13}},"16":{"start":{"line":122,"column":4},"end":{"line":122,"column":19}},"17":{"start":{"line":123,"column":4},"end":{"line":123,"column":37}},"18":{"start":{"line":124,"column":4},"end":{"line":124,"column":33}},"19":{"start":{"line":118,"column":0},"end":{"line":118,"column":13}},"20":{"start":{"line":136,"column":4},"end":{"line":136,"column":19}},"21":{"start":{"line":137,"column":4},"end":{"line":137,"column":39}},"22":{"start":{"line":134,"column":0},"end":{"line":134,"column":13}},"23":{"start":{"line":149,"column":4},"end":{"line":149,"column":19}},"24":{"start":{"line":150,"column":4},"end":{"line":150,"column":33}},"25":{"start":{"line":147,"column":0},"end":{"line":147,"column":13}}},"fnMap":{"0":{"name":"(anonymous_0)","decl":{"start":{"line":26,"column":2},"end":{"line":26,"column":14}},"loc":{"start":{"line":26,"column":29},"end":{"line":31,"column":3}}},"1":{"name":"(anonymous_1)","decl":{"start":{"line":46,"column":2},"end":{"line":46,"column":14}},"loc":{"start":{"line":46,"column":29},"end":{"line":49,"column":3}}},"2":{"name":"(anonymous_2)","decl":{"start":{"line":64,"column":2},"end":{"line":64,"column":14}},"loc":{"start":{"line":64,"column":29},"end":{"line":67,"column":3}}},"3":{"name":"(anonymous_3)","decl":{"start":{"line":81,"column":2},"end":{"line":81,"column":14}},"loc":{"start":{"line":81,"column":29},"end":{"line":84,"column":3}}},"4":{"name":"(anonymous_4)","decl":{"start":{"line":106,"column":2},"end":{"line":106,"column":14}},"loc":{"start":{"line":106,"column":29},"end":{"line":109,"column":3}}},"5":{"name":"(anonymous_5)","decl":{"start":{"line":121,"column":2},"end":{"line":121,"column":14}},"loc":{"start":{"line":121,"column":50},"end":{"line":125,"column":3}}},"6":{"name":"(anonymous_6)","decl":{"start":{"line":135,"column":2},"end":{"line":135,"column":14}},"loc":{"start":{"line":135,"column":29},"end":{"line":138,"column":3}}},"7":{"name":"(anonymous_7)","decl":{"start":{"line":148,"column":2},"end":{"line":148,"column":14}},"loc":{"start":{"line":148,"column":29},"end":{"line":151,"column":3}}}},"branchMap":{},"s":{"0":46,"1":46,"2":46,"3":14,"4":6,"5":6,"6":14,"7":7,"8":7,"9":14,"10":6,"11":6,"12":14,"13":16,"14":16,"15":14,"16":6,"17":6,"18":6,"19":14,"20":0,"21":0,"22":14,"23":3,"24":3,"25":14},"f":{"0":46,"1":6,"2":7,"3":6,"4":16,"5":6,"6":0,"7":3},"b":{}}
,"/Users/sgolub/code/0din/prompt-toolkit/packages/typescript/src/index.ts": {"path":"/Users/sgolub/code/0din/prompt-toolkit/packages/typescript/src/index.ts","statementMap":{"0":{"start":{"line":62,"column":0},"end":{"line":62,"column":9}},"1":{"start":{"line":62,"column":9},"end":{"line":62,"column":34}},"2":{"start":{"line":69,"column":0},"end":{"line":69,"column":9}},"3":{"start":{"line":69,"column":9},"end":{"line":69,"column":20}},"4":{"start":{"line":69,"column":20},"end":{"line":69,"column":50}},"5":{"start":{"line":72,"column":0},"end":{"line":72,"column":null}},"6":{"start":{"line":73,"column":2},"end":{"line":73,"column":null}},"7":{"start":{"line":74,"column":2},"end":{"line":74,"column":null}},"8":{"start":{"line":75,"column":2},"end":{"line":75,"column":null}},"9":{"start":{"line":76,"column":2},"end":{"line":76,"column":null}},"10":{"start":{"line":77,"column":2},"end":{"line":77,"column":null}},"11":{"start":{"line":78,"column":2},"end":{"line":78,"column":null}},"12":{"start":{"line":79,"column":2},"end":{"line":79,"column":null}},"13":{"start":{"line":80,"column":2},"end":{"line":80,"column":null}},"14":{"start":{"line":84,"column":0},"end":{"line":84,"column":null}},"15":{"start":{"line":85,"column":2},"end":{"line":85,"column":null}},"16":{"start":{"line":86,"column":2},"end":{"line":86,"column":null}},"17":{"start":{"line":87,"column":2},"end":{"line":87,"column":null}},"18":{"start":{"line":88,"column":2},"end":{"line":88,"column":null}},"19":{"start":{"line":94,"column":0},"end":{"line":94,"column":null}},"20":{"start":{"line":95,"column":2},"end":{"line":95,"column":null}},"21":{"start":{"line":96,"column":2},"end":{"line":96,"column":null}},"22":{"start":{"line":104,"column":2},"end":{"line":104,"column":null}},"23":{"start":{"line":105,"column":2},"end":{"line":105,"column":null}},"24":{"start":{"line":106,"column":2},"end":{"line":106,"column":null}},"25":{"start":{"line":107,"column":2},"end":{"line":107,"column":null}},"26":{"start":{"line":108,"column":2},"end":{"line":108,"column":null}},"27":{"start":{"line":109,"column":2},"end":{"line":109,"column":null}},"28":{"start":{"line":110,"column":2},"end":{"line":110,"column":null}},"29":{"start":{"line":111,"column":2},"end":{"line":111,"column":null}},"30":{"start":{"line":115,"column":0},"end":{"line":115,"column":null}},"31":{"start":{"line":116,"column":2},"end":{"line":116,"column":null}},"32":{"start":{"line":117,"column":2},"end":{"line":117,"column":null}},"33":{"start":{"line":118,"column":2},"end":{"line":118,"column":null}},"34":{"start":{"line":119,"column":2},"end":{"line":119,"column":null}},"35":{"start":{"line":127,"column":0},"end":{"line":127,"column":null}},"36":{"start":{"line":128,"column":2},"end":{"line":128,"column":null}},"37":{"start":{"line":129,"column":2},"end":{"line":129,"column":null}},"38":{"start":{"line":130,"column":2},"end":{"line":130,"column":null}},"39":{"start":{"line":131,"column":2},"end":{"line":131,"column":null}},"40":{"start":{"line":141,"column":0},"end":{"line":141,"column":null}},"41":{"start":{"line":142,"column":2},"end":{"line":142,"column":null}},"42":{"start":{"line":143,"column":2},"end":{"line":143,"column":null}},"43":{"start":{"line":144,"column":2},"end":{"line":144,"column":null}},"44":{"start":{"line":154,"column":0},"end":{"line":154,"column":null}},"45":{"start":{"line":155,"column":2},"end":{"line":155,"column":null}},"46":{"start":{"line":156,"column":2},"end":{"line":156,"column":null}},"47":{"start":{"line":157,"column":2},"end":{"line":157,"column":null}},"48":{"start":{"line":158,"column":2},"end":{"line":158,"column":null}},"49":{"start":{"line":159,"column":2},"end":{"line":159,"column":null}},"50":{"start":{"line":160,"column":2},"end":{"line":160,"column":null}},"51":{"start":{"line":161,"column":2},"end":{"line":161,"column":42}},"52":{"start":{"line":162,"column":2},"end":{"line":162,"column":50}},"53":{"start":{"line":163,"column":2},"end":{"line":163,"column":50}},"54":{"start":{"line":164,"column":2},"end":{"line":164,"column":42}}},"fnMap":{"0":{"name":"(anonymous_0)","decl":{"start":{"line":62,"column":9},"end":{"line":62,"column":17}},"loc":{"start":{"line":62,"column":9},"end":{"line":62,"column":34}}},"1":{"name":"(anonymous_1)","decl":{"start":{"line":69,"column":9},"end":{"line":69,"column":18}},"loc":{"start":{"line":69,"column":9},"end":{"line":69,"column":20}}},"2":{"name":"(anonymous_2)","decl":{"start":{"line":69,"column":20},"end":{"line":69,"column":30}},"loc":{"start":{"line":69,"column":20},"end":{"line":69,"column":50}}},"3":{"name":"(anonymous_3)","decl":{"start":{"line":73,"column":2},"end":{"line":73,"column":10}},"loc":{"start":{"line":73,"column":2},"end":{"line":73,"column":null}}},"4":{"name":"(anonymous_4)","decl":{"start":{"line":74,"column":2},"end":{"line":74,"column":13}},"loc":{"start":{"line":74,"column":2},"end":{"line":74,"column":null}}},"5":{"name":"(anonymous_5)","decl":{"start":{"line":75,"column":2},"end":{"line":75,"column":15}},"loc":{"start":{"line":75,"column":2},"end":{"line":75,"column":null}}},"6":{"name":"(anonymous_6)","decl":{"start":{"line":76,"column":2},"end":{"line":76,"column":12}},"loc":{"start":{"line":76,"column":2},"end":{"line":76,"column":null}}},"7":{"name":"(anonymous_7)","decl":{"start":{"line":77,"column":2},"end":{"line":77,"column":19}},"loc":{"start":{"line":77,"column":2},"end":{"line":77,"column":null}}},"8":{"name":"(anonymous_8)","decl":{"start":{"line":78,"column":2},"end":{"line":78,"column":20}},"loc":{"start":{"line":78,"column":2},"end":{"line":78,"column":null}}},"9":{"name":"(anonymous_9)","decl":{"start":{"line":79,"column":2},"end":{"line":79,"column":22}},"loc":{"start":{"line":79,"column":2},"end":{"line":79,"column":null}}},"10":{"name":"(anonymous_10)","decl":{"start":{"line":80,"column":2},"end":{"line":80,"column":16}},"loc":{"start":{"line":80,"column":2},"end":{"line":80,"column":null}}},"11":{"name":"(anonymous_11)","decl":{"start":{"line":85,"column":2},"end":{"line":85,"column":17}},"loc":{"start":{"line":85,"column":2},"end":{"line":85,"column":null}}},"12":{"name":"(anonymous_12)","decl":{"start":{"line":86,"column":2},"end":{"line":86,"column":20}},"loc":{"start":{"line":86,"column":2},"end":{"line":86,"column":null}}},"13":{"name":"(anonymous_13)","decl":{"start":{"line":87,"column":2},"end":{"line":87,"column":19}},"loc":{"start":{"line":87,"column":2},"end":{"line":87,"column":null}}},"14":{"name":"(anonymous_14)","decl":{"start":{"line":88,"column":2},"end":{"line":88,"column":17}},"loc":{"start":{"line":88,"column":2},"end":{"line":88,"column":null}}},"15":{"name":"(anonymous_15)","decl":{"start":{"line":95,"column":2},"end":{"line":95,"column":18}},"loc":{"start":{"line":95,"column":2},"end":{"line":95,"column":null}}},"16":{"name":"(anonymous_16)","decl":{"start":{"line":96,"column":2},"end":{"line":96,"column":15}},"loc":{"start":{"line":96,"column":2},"end":{"line":96,"column":null}}},"17":{"name":"(anonymous_17)","decl":{"start":{"line":104,"column":2},"end":{"line":104,"column":16}},"loc":{"start":{"line":104,"column":2},"end":{"line":104,"column":null}}},"18":{"name":"(anonymous_18)","decl":{"start":{"line":105,"column":2},"end":{"line":105,"column":21}},"loc":{"start":{"line":105,"column":2},"end":{"line":105,"column":null}}},"19":{"name":"(anonymous_19)","decl":{"start":{"line":106,"column":2},"end":{"line":106,"column":20}},"loc":{"start":{"line":106,"column":2},"end":{"line":106,"column":null}}},"20":{"name":"(anonymous_20)","decl":{"start":{"line":107,"column":2},"end":{"line":107,"column":20}},"loc":{"start":{"line":107,"column":2},"end":{"line":107,"column":null}}},"21":{"name":"(anonymous_21)","decl":{"start":{"line":108,"column":2},"end":{"line":108,"column":17}},"loc":{"start":{"line":108,"column":2},"end":{"line":108,"column":null}}},"22":{"name":"(anonymous_22)","decl":{"start":{"line":109,"column":2},"end":{"line":109,"column":22}},"loc":{"start":{"line":109,"column":2},"end":{"line":109,"column":null}}},"23":{"name":"(anonymous_23)","decl":{"start":{"line":110,"column":2},"end":{"line":110,"column":24}},"loc":{"start":{"line":110,"column":2},"end":{"line":110,"column":null}}},"24":{"name":"(anonymous_24)","decl":{"start":{"line":111,"column":2},"end":{"line":111,"column":20}},"loc":{"start":{"line":111,"column":2},"end":{"line":111,"column":null}}},"25":{"name":"(anonymous_25)","decl":{"start":{"line":116,"column":2},"end":{"line":116,"column":13}},"loc":{"start":{"line":116,"column":2},"end":{"line":116,"column":null}}},"26":{"name":"(anonymous_26)","decl":{"start":{"line":117,"column":2},"end":{"line":117,"column":20}},"loc":{"start":{"line":117,"column":2},"end":{"line":117,"column":null}}},"27":{"name":"(anonymous_27)","decl":{"start":{"line":118,"column":2},"end":{"line":118,"column":16}},"loc":{"start":{"line":118,"column":2},"end":{"line":118,"column":null}}},"28":{"name":"(anonymous_28)","decl":{"start":{"line":119,"column":2},"end":{"line":119,"column":13}},"loc":{"start":{"line":119,"column":2},"end":{"line":119,"column":null}}},"29":{"name":"(anonymous_29)","decl":{"start":{"line":128,"column":2},"end":{"line":128,"column":17}},"loc":{"start":{"line":128,"column":2},"end":{"line":128,"column":null}}},"30":{"name":"(anonymous_30)","decl":{"start":{"line":129,"column":2},"end":{"line":129,"column":18}},"loc":{"start":{"line":129,"column":2},"end":{"line":129,"column":null}}},"31":{"name":"(anonymous_31)","decl":{"start":{"line":130,"column":2},"end":{"line":130,"column":21}},"loc":{"start":{"line":130,"column":2},"end":{"line":130,"column":null}}},"32":{"name":"(anonymous_32)","decl":{"start":{"line":131,"column":2},"end":{"line":131,"column":25}},"loc":{"start":{"line":131,"column":2},"end":{"line":131,"column":null}}},"33":{"name":"(anonymous_33)","decl":{"start":{"line":142,"column":2},"end":{"line":142,"column":12}},"loc":{"start":{"line":142,"column":2},"end":{"line":142,"column":null}}},"34":{"name":"(anonymous_34)","decl":{"start":{"line":143,"column":2},"end":{"line":143,"column":14}},"loc":{"start":{"line":143,"column":2},"end":{"line":143,"column":null}}},"35":{"name":"(anonymous_35)","decl":{"start":{"line":144,"column":2},"end":{"line":144,"column":16}},"loc":{"start":{"line":144,"column":2},"end":{"line":144,"column":null}}},"36":{"name":"(anonymous_36)","decl":{"start":{"line":155,"column":2},"end":{"line":155,"column":11}},"loc":{"start":{"line":155,"column":2},"end":{"line":155,"column":null}}},"37":{"name":"(anonymous_37)","decl":{"start":{"line":156,"column":2},"end":{"line":156,"column":21}},"loc":{"start":{"line":156,"column":2},"end":{"line":156,"column":null}}},"38":{"name":"(anonymous_38)","decl":{"start":{"line":157,"column":2},"end":{"line":157,"column":19}},"loc":{"start":{"line":157,"column":2},"end":{"line":157,"column":null}}},"39":{"name":"(anonymous_39)","decl":{"start":{"line":158,"column":2},"end":{"line":158,"column":15}},"loc":{"start":{"line":158,"column":2},"end":{"line":158,"column":null}}},"40":{"name":"(anonymous_40)","decl":{"start":{"line":159,"column":2},"end":{"line":159,"column":12}},"loc":{"start":{"line":159,"column":2},"end":{"line":159,"column":null}}},"41":{"name":"(anonymous_41)","decl":{"start":{"line":160,"column":2},"end":{"line":160,"column":18}},"loc":{"start":{"line":160,"column":2},"end":{"line":160,"column":null}}},"42":{"name":"(anonymous_42)","decl":{"start":{"line":161,"column":2},"end":{"line":161,"column":15}},"loc":{"start":{"line":161,"column":2},"end":{"line":161,"column":42}}},"43":{"name":"(anonymous_43)","decl":{"start":{"line":162,"column":2},"end":{"line":162,"column":19}},"loc":{"start":{"line":162,"column":2},"end":{"line":162,"column":50}}},"44":{"name":"(anonymous_44)","decl":{"start":{"line":163,"column":2},"end":{"line":163,"column":19}},"loc":{"start":{"line":163,"column":2},"end":{"line":163,"column":50}}},"45":{"name":"(anonymous_45)","decl":{"start":{"line":164,"column":2},"end":{"line":164,"column":15}},"loc":{"start":{"line":164,"column":2},"end":{"line":164,"column":42}}}},"branchMap":{},"s":{"0":4,"1":4,"2":4,"3":6,"4":8,"5":4,"6":11,"7":12,"8":13,"9":13,"10":19,"11":4,"12":4,"13":4,"14":4,"15":4,"16":4,"17":4,"18":4,"19":4,"20":4,"21":6,"22":4,"23":4,"24":4,"25":4,"26":4,"27":10,"28":4,"29":4,"30":4,"31":4,"32":4,"33":4,"34":4,"35":4,"36":4,"37":4,"38":4,"39":4,"40":4,"41":6,"42":6,"43":5,"44":4,"45":5,"46":7,"47":5,"48":5,"49":5,"50":6,"51":7,"52":5,"53":5,"54":5},"f":{"0":0,"1":2,"2":4,"3":7,"4":8,"5":9,"6":9,"7":15,"8":0,"9":0,"10":0,"11":0,"12":0,"13":0,"14":0,"15":0,"16":2,"17":0,"18":0,"19":0,"20":0,"21":0,"22":6,"23":0,"24":0,"25":0,"26":0,"27":0,"28":0,"29":0,"30":0,"31":0,"32":0,"33":2,"34":2,"35":1,"36":1,"37":3,"38":1,"39":1,"40":1,"41":2,"42":3,"43":1,"44":1,"45":1},"b":{}}
,"/Users/sgolub/code/0din/prompt-toolkit/packages/typescript/src/lsh.ts": {"path":"/Users/sgolub/code/0din/prompt-toolkit/packages/typescript/src/lsh.ts","statementMap":{"0":{"start":{"line":33,"column":15},"end":{"line":33,"column":31}},"1":{"start":{"line":40,"column":10},"end":{"line":40,"column":44}},"2":{"start":{"line":41,"column":2},"end":{"line":41,"column":23}},"3":{"start":{"line":42,"column":2},"end":{"line":42,"column":41}},"4":{"start":{"line":43,"column":2},"end":{"line":43,"column":23}},"5":{"start":{"line":44,"column":2},"end":{"line":44,"column":41}},"6":{"start":{"line":45,"column":2},"end":{"line":45,"column":21}},"7":{"start":{"line":46,"column":2},"end":{"line":46,"column":20}},"8":{"start":{"line":55,"column":15},"end":{"line":55,"column":75}},"9":{"start":{"line":56,"column":12},"end":{"line":56,"column":28}},"10":{"start":{"line":58,"column":2},"end":{"line":58,"column":34}},"11":{"start":{"line":87,"column":19},"end":{"line":87,"column":52}},"12":{"start":{"line":88,"column":15},"end":{"line":88,"column":47}},"13":{"start":{"line":89,"column":16},"end":{"line":89,"column":47}},"14":{"start":{"line":90,"column":27},"end":{"line":90,"column":29}},"15":{"start":{"line":92,"column":2},"end":{"line":125,"column":3}},"16":{"start":{"line":92,"column":15},"end":{"line":92,"column":16}},"17":{"start":{"line":93,"column":32},"end":{"line":93,"column":34}},"18":{"start":{"line":94,"column":4},"end":{"line":101,"column":5}},"19":{"start":{"line":94,"column":17},"end":{"line":94,"column":18}},"20":{"start":{"line":95,"column":16},"end":{"line":95,"column":17}},"21":{"start":{"line":96,"column":6},"end":{"line":99,"column":7}},"22":{"start":{"line":96,"column":19},"end":{"line":96,"column":20}},"23":{"start":{"line":97,"column":18},"end":{"line":97,"column":34}},"24":{"start":{"line":98,"column":8},"end":{"line":98,"column":39}},"25":{"start":{"line":100,"column":6},"end":{"line":100,"column":29}},"26":{"start":{"line":104,"column":14},"end":{"line":104,"column":16}},"27":{"start":{"line":105,"column":4},"end":{"line":112,"column":5}},"28":{"start":{"line":105,"column":17},"end":{"line":105,"column":18}},"29":{"start":{"line":107,"column":8},"end":{"line":110,"column":33}},"30":{"start":{"line":111,"column":6},"end":{"line":111,"column":28}},"31":{"start":{"line":115,"column":20},"end":{"line":115,"column":64}},"32":{"start":{"line":116,"column":30},"end":{"line":116,"column":32}},"33":{"start":{"line":117,"column":4},"end":{"line":122,"column":5}},"34":{"start":{"line":117,"column":17},"end":{"line":117,"column":18}},"35":{"start":{"line":118,"column":6},"end":{"line":118,"column":46}},"36":{"start":{"line":119,"column":6},"end":{"line":121,"column":7}},"37":{"start":{"line":120,"column":8},"end":{"line":120,"column":14}},"38":{"start":{"line":124,"column":4},"end":{"line":124,"column":66}},"39":{"start":{"line":127,"column":2},"end":{"line":127,"column":13}},"40":{"start":{"line":83,"column":0},"end":{"line":83,"column":16}},"41":{"start":{"line":149,"column":16},"end":{"line":149,"column":72}},"42":{"start":{"line":149,"column":31},"end":{"line":149,"column":72}},"43":{"start":{"line":150,"column":12},"end":{"line":150,"column":20}},"44":{"start":{"line":151,"column":12},"end":{"line":151,"column":20}},"45":{"start":{"line":152,"column":12},"end":{"line":152,"column":40}},"46":{"start":{"line":153,"column":13},"end":{"line":153,"column":14}},"47":{"start":{"line":155,"column":2},"end":{"line":160,"column":3}},"48":{"start":{"line":155,"column":15},"end":{"line":155,"column":16}},"49":{"start":{"line":156,"column":15},"end":{"line":156,"column":40}},"50":{"start":{"line":157,"column":15},"end":{"line":157,"column":40}},"51":{"start":{"line":158,"column":16},"end":{"line":158,"column":23}},"52":{"start":{"line":159,"column":4},"end":{"line":159,"column":79}},"53":{"start":{"line":163,"column":2},"end":{"line":163,"column":44}},"54":{"start":{"line":165,"column":2},"end":{"line":165,"column":14}},"55":{"start":{"line":148,"column":0},"end":{"line":148,"column":16}},"56":{"start":{"line":189,"column":2},"end":{"line":191,"column":3}},"57":{"start":{"line":190,"column":4},"end":{"line":190,"column":13}},"58":{"start":{"line":192,"column":16},"end":{"line":192,"column":40}},"59":{"start":{"line":193,"column":2},"end":{"line":193,"column":35}},"60":{"start":{"line":188,"column":0},"end":{"line":188,"column":16}},"61":{"start":{"line":211,"column":20},"end":{"line":211,"column":72}},"62":{"start":{"line":211,"column":56},"end":{"line":211,"column":67}},"63":{"start":{"line":212,"column":2},"end":{"line":214,"column":3}},"64":{"start":{"line":213,"column":4},"end":{"line":213,"column":18}},"65":{"start":{"line":215,"column":2},"end":{"line":215,"column":42}},"66":{"start":{"line":215,"column":27},"end":{"line":215,"column":40}},"67":{"start":{"line":210,"column":0},"end":{"line":210,"column":16}},"68":{"start":{"line":222,"column":13},"end":{"line":225,"column":2}}},"fnMap":{"0":{"name":"splitmix64","decl":{"start":{"line":39,"column":9},"end":{"line":39,"column":19}},"loc":{"start":{"line":39,"column":29},"end":{"line":47,"column":1}}},"1":{"name":"signFor","decl":{"start":{"line":53,"column":9},"end":{"line":53,"column":16}},"loc":{"start":{"line":53,"column":57},"end":{"line":59,"column":1}}},"2":{"name":"simhashLshMulti","decl":{"start":{"line":83,"column":16},"end":{"line":83,"column":31}},"loc":{"start":{"line":85,"column":24},"end":{"line":128,"column":1}}},"3":{"name":"hammingDistanceHex","decl":{"start":{"line":148,"column":16},"end":{"line":148,"column":34}},"loc":{"start":{"line":148,"column":55},"end":{"line":166,"column":1}}},"4":{"name":"(anonymous_4)","decl":{"start":{"line":149,"column":16},"end":{"line":149,"column":17}},"loc":{"start":{"line":149,"column":31},"end":{"line":149,"column":72}}},"5":{"name":"cosineFromHamming","decl":{"start":{"line":188,"column":16},"end":{"line":188,"column":33}},"loc":{"start":{"line":188,"column":73},"end":{"line":194,"column":1}}},"6":{"name":"normalizeVector","decl":{"start":{"line":210,"column":16},"end":{"line":210,"column":31}},"loc":{"start":{"line":210,"column":48},"end":{"line":216,"column":1}}},"7":{"name":"(anonymous_7)","decl":{"start":{"line":211,"column":44},"end":{"line":211,"column":45}},"loc":{"start":{"line":211,"column":56},"end":{"line":211,"column":67}}},"8":{"name":"(anonymous_8)","decl":{"start":{"line":215,"column":20},"end":{"line":215,"column":21}},"loc":{"start":{"line":215,"column":27},"end":{"line":215,"column":40}}}},"branchMap":{"0":{"loc":{"start":{"line":58,"column":9},"end":{"line":58,"column":33}},"type":"cond-expr","locations":[{"start":{"line":58,"column":27},"end":{"line":58,"column":28}},{"start":{"line":58,"column":31},"end":{"line":58,"column":33}}]},"1":{"loc":{"start":{"line":85,"column":2},"end":{"line":85,"column":24}},"type":"default-arg","locations":[{"start":{"line":85,"column":22},"end":{"line":85,"column":24}}]},"2":{"loc":{"start":{"line":87,"column":31},"end":{"line":87,"column":51}},"type":"binary-expr","locations":[{"start":{"line":87,"column":31},"end":{"line":87,"column":46}},{"start":{"line":87,"column":50},"end":{"line":87,"column":51}}]},"3":{"loc":{"start":{"line":88,"column":28},"end":{"line":88,"column":46}},"type":"binary-expr","locations":[{"start":{"line":88,"column":28},"end":{"line":88,"column":39}},{"start":{"line":88,"column":43},"end":{"line":88,"column":46}}]},"4":{"loc":{"start":{"line":89,"column":28},"end":{"line":89,"column":46}},"type":"binary-expr","locations":[{"start":{"line":89,"column":28},"end":{"line":89,"column":40}},{"start":{"line":89,"column":44},"end":{"line":89,"column":46}}]},"5":{"loc":{"start":{"line":107,"column":9},"end":{"line":107,"column":28}},"type":"cond-expr","locations":[{"start":{"line":107,"column":23},"end":{"line":107,"column":24}},{"start":{"line":107,"column":27},"end":{"line":107,"column":28}}]},"6":{"loc":{"start":{"line":108,"column":9},"end":{"line":108,"column":32}},"type":"cond-expr","locations":[{"start":{"line":108,"column":27},"end":{"line":108,"column":28}},{"start":{"line":108,"column":31},"end":{"line":108,"column":32}}]},"7":{"loc":{"start":{"line":109,"column":9},"end":{"line":109,"column":32}},"type":"cond-expr","locations":[{"start":{"line":109,"column":27},"end":{"line":109,"column":28}},{"start":{"line":109,"column":31},"end":{"line":109,"column":32}}]},"8":{"loc":{"start":{"line":110,"column":9},"end":{"line":110,"column":32}},"type":"cond-expr","locations":[{"start":{"line":110,"column":27},"end":{"line":110,"column":28}},{"start":{"line":110,"column":31},"end":{"line":110,"column":32}}]},"9":{"loc":{"start":{"line":115,"column":20},"end":{"line":115,"column":64}},"type":"binary-expr","locations":[{"start":{"line":115,"column":20},"end":{"line":115,"column":50}},{"start":{"line":115,"column":54},"end":{"line":115,"column":64}}]},"10":{"loc":{"start":{"line":119,"column":6},"end":{"line":121,"column":7}},"type":"if","locations":[{"start":{"line":119,"column":6},"end":{"line":121,"column":7}}]},"11":{"loc":{"start":{"line":189,"column":2},"end":{"line":191,"column":3}},"type":"if","locations":[{"start":{"line":189,"column":2},"end":{"line":191,"column":3}}]},"12":{"loc":{"start":{"line":212,"column":2},"end":{"line":214,"column":3}},"type":"if","locations":[{"start":{"line":212,"column":2},"end":{"line":214,"column":3}}]}},"s":{"0":11,"1":10602063,"2":10602063,"3":10602063,"4":10602063,"5":10602063,"6":10602063,"7":10602063,"8":10602056,"9":10602056,"10":10602056,"11":18,"12":18,"13":18,"14":18,"15":18,"16":18,"17":53,"18":53,"19":53,"20":12544,"21":12544,"22":12544,"23":10015744,"24":10015744,"25":12544,"26":53,"27":53,"28":53,"29":3136,"30":3136,"31":53,"32":53,"33":53,"34":53,"35":784,"36":784,"37":53,"38":53,"39":18,"40":11,"41":47,"42":94,"43":47,"44":47,"45":47,"46":47,"47":47,"48":47,"49":2424,"50":2424,"51":2424,"52":2424,"53":47,"54":47,"55":11,"56":40,"57":0,"58":40,"59":40,"60":11,"61":5,"62":3592,"63":5,"64":0,"65":5,"66":3592,"67":11,"68":11},"f":{"0":10602063,"1":10602056,"2":18,"3":47,"4":94,"5":40,"6":5,"7":3592,"8":3592},"b":{"0":[5300207,5301849],"1":[0],"2":[18,0],"3":[18,0],"4":[18,0],"5":[1346,1790],"6":[1367,1769],"7":[1351,1785],"8":[1437,1699],"9":[53,0],"10":[53],"11":[0],"12":[0]}}
,"/Users/sgolub/code/0din/prompt-toolkit/packages/typescript/src/sign.ts": {"path":"/Users/sgolub/code/0din/prompt-toolkit/packages/typescript/src/sign.ts","statementMap":{"0":{"start":{"line":5,"column":0},"end":{"line":5,"column":40}},"1":{"start":{"line":7,"column":0},"end":{"line":7,"column":null}},"2":{"start":{"line":71,"column":20},"end":{"line":71,"column":30}},"3":{"start":{"line":73,"column":18},"end":{"line":73,"column":61}},"4":{"start":{"line":74,"column":17},"end":{"line":74,"column":32}},"5":{"start":{"line":75,"column":17},"end":{"line":75,"column":34}},"6":{"start":{"line":78,"column":26},"end":{"line":78,"column":48}},"7":{"start":{"line":80,"column":2},"end":{"line":145,"column":3}},"8":{"start":{"line":82,"column":4},"end":{"line":84,"column":5}},"9":{"start":{"line":83,"column":6},"end":{"line":83,"column":57}},"10":{"start":{"line":87,"column":28},"end":{"line":87,"column":61}},"11":{"start":{"line":90,"column":28},"end":{"line":90,"column":66}},"12":{"start":{"line":93,"column":22},"end":{"line":97,"column":6}},"13":{"start":{"line":100,"column":25},"end":{"line":100,"column":63}},"14":{"start":{"line":101,"column":4},"end":{"line":106,"column":5}},"15":{"start":{"line":102,"column":6},"end":{"line":105,"column":8}},"16":{"start":{"line":109,"column":23},"end":{"line":111,"column":null}},"17":{"start":{"line":115,"column":22},"end":{"line":115,"column":44}},"18":{"start":{"line":119,"column":6},"end":{"line":119,"column":62}},"19":{"start":{"line":121,"column":33},"end":{"line":124,"column":6}},"20":{"start":{"line":126,"column":36},"end":{"line":137,"column":6}},"21":{"start":{"line":139,"column":4},"end":{"line":139,"column":18}},"22":{"start":{"line":142,"column":4},"end":{"line":144,"column":5}},"23":{"start":{"line":143,"column":6},"end":{"line":143,"column":29}},"24":{"start":{"line":63,"column":0},"end":{"line":63,"column":7}},"25":{"start":{"line":158,"column":19},"end":{"line":158,"column":46}},"26":{"start":{"line":160,"column":2},"end":{"line":199,"column":3}},"27":{"start":{"line":162,"column":4},"end":{"line":175,"column":5}},"28":{"start":{"line":163,"column":29},"end":{"line":163,"column":68}},"29":{"start":{"line":164,"column":31},"end":{"line":164,"column":63}},"30":{"start":{"line":165,"column":20},"end":{"line":165,"column":36}},"31":{"start":{"line":166,"column":6},"end":{"line":166,"column":46}},"32":{"start":{"line":168,"column":6},"end":{"line":173,"column":7}},"33":{"start":{"line":169,"column":8},"end":{"line":172,"column":10}},"34":{"start":{"line":174,"column":6},"end":{"line":174,"column":18}},"35":{"start":{"line":176,"column":9},"end":{"line":199,"column":3}},"36":{"start":{"line":178,"column":4},"end":{"line":196,"column":5}},"37":{"start":{"line":179,"column":33},"end":{"line":179,"column":67}},"38":{"start":{"line":180,"column":21},"end":{"line":180,"column":47}},"39":{"start":{"line":181,"column":6},"end":{"line":186,"column":7}},"40":{"start":{"line":182,"column":8},"end":{"line":185,"column":10}},"41":{"start":{"line":187,"column":6},"end":{"line":187,"column":44}},"42":{"start":{"line":189,"column":6},"end":{"line":194,"column":7}},"43":{"start":{"line":190,"column":8},"end":{"line":193,"column":10}},"44":{"start":{"line":195,"column":6},"end":{"line":195,"column":18}},"45":{"start":{"line":198,"column":4},"end":{"line":198,"column":66}},"46":{"start":{"line":214,"column":26},"end":{"line":214,"column":53}},"47":{"start":{"line":215,"column":23},"end":{"line":215,"column":44}},"48":{"start":{"line":219,"column":2},"end":{"line":229,"column":3}},"49":{"start":{"line":220,"column":4},"end":{"line":220,"column":42}},"50":{"start":{"line":221,"column":9},"end":{"line":229,"column":3}},"51":{"start":{"line":222,"column":4},"end":{"line":222,"column":42}},"52":{"start":{"line":224,"column":4},"end":{"line":228,"column":6}},"53":{"start":{"line":232,"column":2},"end":{"line":239,"column":3}},"54":{"start":{"line":233,"column":4},"end":{"line":238,"column":6}},"55":{"start":{"line":241,"column":2},"end":{"line":241,"column":25}},"56":{"start":{"line":248,"column":2},"end":{"line":248,"column":77}},"57":{"start":{"line":255,"column":2},"end":{"line":264,"column":3}},"58":{"start":{"line":257,"column":6},"end":{"line":257,"column":18}},"59":{"start":{"line":259,"column":6},"end":{"line":259,"column":18}},"60":{"start":{"line":261,"column":6},"end":{"line":261,"column":18}},"61":{"start":{"line":263,"column":6},"end":{"line":263,"column":53}}},"fnMap":{"0":{"name":"signText","decl":{"start":{"line":63,"column":22},"end":{"line":63,"column":30}},"loc":{"start":{"line":69,"column":3},"end":{"line":146,"column":1}}},"1":{"name":"createProviderForVersion","decl":{"start":{"line":155,"column":15},"end":{"line":155,"column":39}},"loc":{"start":{"line":156,"column":27},"end":{"line":200,"column":1}}},"2":{"name":"(anonymous_8)","decl":{"start":{"line":163,"column":29},"end":{"line":163,"column":42}},"loc":{"start":{"line":163,"column":29},"end":{"line":163,"column":68}}},"3":{"name":"(anonymous_9)","decl":{"start":{"line":164,"column":31},"end":{"line":164,"column":44}},"loc":{"start":{"line":164,"column":31},"end":{"line":164,"column":63}}},"4":{"name":"(anonymous_10)","decl":{"start":{"line":179,"column":33},"end":{"line":179,"column":46}},"loc":{"start":{"line":179,"column":33},"end":{"line":179,"column":67}}},"5":{"name":"resolveVersion","decl":{"start":{"line":210,"column":9},"end":{"line":210,"column":23}},"loc":{"start":{"line":212,"column":29},"end":{"line":242,"column":1}}},"6":{"name":"resolveVersionEnum","decl":{"start":{"line":247,"column":9},"end":{"line":247,"column":27}},"loc":{"start":{"line":247,"column":53},"end":{"line":249,"column":1}}},"7":{"name":"getExpectedDimensions","decl":{"start":{"line":254,"column":9},"end":{"line":254,"column":30}},"loc":{"start":{"line":254,"column":56},"end":{"line":265,"column":1}}}},"branchMap":{"0":{"loc":{"start":{"line":73,"column":18},"end":{"line":73,"column":61}},"type":"binary-expr","locations":[{"start":{"line":73,"column":18},"end":{"line":73,"column":34}},{"start":{"line":73,"column":38},"end":{"line":73,"column":61}}]},"1":{"loc":{"start":{"line":82,"column":4},"end":{"line":84,"column":5}},"type":"if","locations":[{"start":{"line":82,"column":4},"end":{"line":84,"column":5}}]},"2":{"loc":{"start":{"line":93,"column":22},"end":{"line":97,"column":6}},"type":"binary-expr","locations":[{"start":{"line":93,"column":22},"end":{"line":93,"column":28}},{"start":{"line":93,"column":32},"end":{"line":97,"column":6}}]},"3":{"loc":{"start":{"line":101,"column":4},"end":{"line":106,"column":5}},"type":"if","locations":[{"start":{"line":101,"column":4},"end":{"line":106,"column":5}}]},"4":{"loc":{"start":{"line":119,"column":6},"end":{"line":119,"column":62}},"type":"cond-expr","locations":[{"start":{"line":119,"column":26},"end":{"line":119,"column":30}},{"start":{"line":119,"column":33},"end":{"line":119,"column":62}}]},"5":{"loc":{"start":{"line":142,"column":4},"end":{"line":144,"column":5}},"type":"if","locations":[{"start":{"line":142,"column":4},"end":{"line":144,"column":5}}]},"6":{"loc":{"start":{"line":142,"column":8},"end":{"line":142,"column":35}},"type":"binary-expr","locations":[{"start":{"line":142,"column":8},"end":{"line":142,"column":23}},{"start":{"line":142,"column":27},"end":{"line":142,"column":35}}]},"7":{"loc":{"start":{"line":160,"column":2},"end":{"line":199,"column":3}},"type":"if","locations":[{"start":{"line":160,"column":2},"end":{"line":199,"column":3}},{"start":{"line":176,"column":9},"end":{"line":199,"column":3}}]},"8":{"loc":{"start":{"line":168,"column":6},"end":{"line":173,"column":7}},"type":"if","locations":[{"start":{"line":168,"column":6},"end":{"line":173,"column":7}}]},"9":{"loc":{"start":{"line":176,"column":9},"end":{"line":199,"column":3}},"type":"if","locations":[{"start":{"line":176,"column":9},"end":{"line":199,"column":3}},{"start":{"line":197,"column":9},"end":{"line":199,"column":3}}]},"10":{"loc":{"start":{"line":181,"column":6},"end":{"line":186,"column":7}},"type":"if","locations":[{"start":{"line":181,"column":6},"end":{"line":186,"column":7}}]},"11":{"loc":{"start":{"line":189,"column":6},"end":{"line":194,"column":7}},"type":"if","locations":[{"start":{"line":189,"column":6},"end":{"line":194,"column":7}}]},"12":{"loc":{"start":{"line":219,"column":2},"end":{"line":229,"column":3}},"type":"if","locations":[{"start":{"line":219,"column":2},"end":{"line":229,"column":3}},{"start":{"line":221,"column":9},"end":{"line":229,"column":3}}]},"13":{"loc":{"start":{"line":221,"column":9},"end":{"line":229,"column":3}},"type":"if","locations":[{"start":{"line":221,"column":9},"end":{"line":229,"column":3}},{"start":{"line":223,"column":9},"end":{"line":229,"column":3}}]},"14":{"loc":{"start":{"line":232,"column":2},"end":{"line":239,"column":3}},"type":"if","locations":[{"start":{"line":232,"column":2},"end":{"line":239,"column":3}}]},"15":{"loc":{"start":{"line":232,"column":6},"end":{"line":232,"column":80}},"type":"binary-expr","locations":[{"start":{"line":232,"column":6},"end":{"line":232,"column":41}},{"start":{"line":232,"column":45},"end":{"line":232,"column":80}}]},"16":{"loc":{"start":{"line":248,"column":9},"end":{"line":248,"column":76}},"type":"cond-expr","locations":[{"start":{"line":248,"column":47},"end":{"line":248,"column":66}},{"start":{"line":248,"column":69},"end":{"line":248,"column":76}}]},"17":{"loc":{"start":{"line":255,"column":2},"end":{"line":264,"column":3}},"type":"switch","locations":[{"start":{"line":256,"column":4},"end":{"line":257,"column":18}},{"start":{"line":258,"column":4},"end":{"line":259,"column":18}},{"start":{"line":260,"column":4},"end":{"line":261,"column":18}},{"start":{"line":262,"column":4},"end":{"line":263,"column":53}}]}},"s":{"0":6,"1":6,"2":14,"3":14,"4":14,"5":14,"6":14,"7":14,"8":14,"9":1,"10":13,"11":11,"12":11,"13":11,"14":11,"15":0,"16":11,"17":11,"18":11,"19":11,"20":11,"21":11,"22":14,"23":0,"24":6,"25":1,"26":1,"27":0,"28":0,"29":0,"30":0,"31":0,"32":0,"33":0,"34":0,"35":1,"36":1,"37":2,"38":1,"39":1,"40":1,"41":0,"42":1,"43":0,"44":1,"45":0,"46":13,"47":13,"48":13,"49":3,"50":10,"51":9,"52":1,"53":12,"54":1,"55":11,"56":14,"57":12,"58":4,"59":8,"60":0,"61":0},"f":{"0":14,"1":1,"2":0,"3":0,"4":1,"5":13,"6":14,"7":12},"b":{"0":[14,6],"1":[1],"2":[11,10],"3":[0],"4":[10,1],"5":[0],"6":[14,1],"7":[0,1],"8":[0],"9":[1,0],"10":[1],"11":[0],"12":[3,10],"13":[9,1],"14":[1],"15":[12,6],"16":[7,7],"17":[4,8,0,0]}}
,"/Users/sgolub/code/0din/prompt-toolkit/packages/typescript/src/types.ts": {"path":"/Users/sgolub/code/0din/prompt-toolkit/packages/typescript/src/types.ts","statementMap":{"0":{"start":{"line":5,"column":0},"end":{"line":5,"column":33}},"1":{"start":{"line":6,"column":0},"end":{"line":6,"column":44}},"2":{"start":{"line":14,"column":0},"end":{"line":14,"column":null}},"3":{"start":{"line":15,"column":2},"end":{"line":15,"column":null}},"4":{"start":{"line":16,"column":2},"end":{"line":16,"column":null}},"5":{"start":{"line":17,"column":2},"end":{"line":17,"column":null}},"6":{"start":{"line":23,"column":0},"end":{"line":23,"column":null}},"7":{"start":{"line":24,"column":2},"end":{"line":24,"column":null}},"8":{"start":{"line":25,"column":2},"end":{"line":25,"column":null}},"9":{"start":{"line":26,"column":2},"end":{"line":26,"column":null}},"10":{"start":{"line":96,"column":26},"end":{"line":96,"column":56}},"11":{"start":{"line":97,"column":21},"end":{"line":97,"column":55}},"12":{"start":{"line":98,"column":2},"end":{"line":98,"column":49}},"13":{"start":{"line":95,"column":0},"end":{"line":95,"column":16}},"14":{"start":{"line":105,"column":2},"end":{"line":107,"column":3}},"15":{"start":{"line":106,"column":4},"end":{"line":106,"column":31}},"16":{"start":{"line":108,"column":2},"end":{"line":108,"column":17}},"17":{"start":{"line":104,"column":0},"end":{"line":104,"column":16}},"18":{"start":{"line":115,"column":19},"end":{"line":115,"column":42}},"19":{"start":{"line":116,"column":2},"end":{"line":120,"column":3}},"20":{"start":{"line":117,"column":4},"end":{"line":117,"column":16}},"21":{"start":{"line":118,"column":9},"end":{"line":120,"column":3}},"22":{"start":{"line":119,"column":4},"end":{"line":119,"column":16}},"23":{"start":{"line":121,"column":2},"end":{"line":121,"column":50}},"24":{"start":{"line":114,"column":0},"end":{"line":114,"column":16}},"25":{"start":{"line":128,"column":19},"end":{"line":128,"column":42}},"26":{"start":{"line":129,"column":2},"end":{"line":133,"column":3}},"27":{"start":{"line":130,"column":4},"end":{"line":130,"column":32}},"28":{"start":{"line":131,"column":9},"end":{"line":133,"column":3}},"29":{"start":{"line":132,"column":4},"end":{"line":132,"column":30}},"30":{"start":{"line":134,"column":2},"end":{"line":134,"column":50}},"31":{"start":{"line":127,"column":0},"end":{"line":127,"column":16}},"32":{"start":{"line":141,"column":2},"end":{"line":145,"column":3}},"33":{"start":{"line":142,"column":4},"end":{"line":142,"column":31}},"34":{"start":{"line":143,"column":9},"end":{"line":145,"column":3}},"35":{"start":{"line":144,"column":4},"end":{"line":144,"column":31}},"36":{"start":{"line":146,"column":2},"end":{"line":146,"column":53}},"37":{"start":{"line":140,"column":0},"end":{"line":140,"column":16}},"38":{"start":{"line":165,"column":19},"end":{"line":165,"column":42}},"39":{"start":{"line":166,"column":2},"end":{"line":166,"column":41}},"40":{"start":{"line":164,"column":0},"end":{"line":164,"column":16}},"41":{"start":{"line":186,"column":2},"end":{"line":188,"column":3}},"42":{"start":{"line":187,"column":4},"end":{"line":187,"column":66}},"43":{"start":{"line":190,"column":16},"end":{"line":190,"column":31}},"44":{"start":{"line":191,"column":2},"end":{"line":193,"column":3}},"45":{"start":{"line":192,"column":4},"end":{"line":192,"column":66}},"46":{"start":{"line":195,"column":21},"end":{"line":195,"column":38}},"47":{"start":{"line":196,"column":20},"end":{"line":196,"column":28}},"48":{"start":{"line":199,"column":2},"end":{"line":201,"column":3}},"49":{"start":{"line":200,"column":4},"end":{"line":200,"column":80}},"50":{"start":{"line":204,"column":2},"end":{"line":206,"column":3}},"51":{"start":{"line":205,"column":4},"end":{"line":205,"column":71}},"52":{"start":{"line":208,"column":2},"end":{"line":211,"column":4}},"53":{"start":{"line":185,"column":0},"end":{"line":185,"column":16}},"54":{"start":{"line":243,"column":20},"end":{"line":243,"column":89}},"55":{"start":{"line":243,"column":51},"end":{"line":243,"column":88}},"56":{"start":{"line":246,"column":20},"end":{"line":258,"column":4}},"57":{"start":{"line":248,"column":4},"end":{"line":250,"column":5}},"58":{"start":{"line":249,"column":6},"end":{"line":249,"column":20}},"59":{"start":{"line":252,"column":12},"end":{"line":252,"column":21}},"60":{"start":{"line":254,"column":4},"end":{"line":256,"column":5}},"61":{"start":{"line":255,"column":6},"end":{"line":255,"column":19}},"62":{"start":{"line":257,"column":4},"end":{"line":257,"column":13}},"63":{"start":{"line":260,"column":18},"end":{"line":260,"column":45}},"64":{"start":{"line":262,"column":2},"end":{"line":262,"column":67}},"65":{"start":{"line":241,"column":0},"end":{"line":241,"column":16}}},"fnMap":{"0":{"name":"(anonymous_6)","decl":{"start":{"line":14,"column":0},"end":{"line":14,"column":12}},"loc":{"start":{"line":14,"column":28},"end":{"line":18,"column":1}}},"1":{"name":"(anonymous_7)","decl":{"start":{"line":23,"column":0},"end":{"line":23,"column":12}},"loc":{"start":{"line":23,"column":25},"end":{"line":27,"column":1}}},"2":{"name":"getSignatureString","decl":{"start":{"line":95,"column":16},"end":{"line":95,"column":34}},"loc":{"start":{"line":95,"column":58},"end":{"line":99,"column":1}}},"3":{"name":"resolveVersion","decl":{"start":{"line":104,"column":16},"end":{"line":104,"column":30}},"loc":{"start":{"line":104,"column":56},"end":{"line":109,"column":1}}},"4":{"name":"embeddingDimensions","decl":{"start":{"line":114,"column":16},"end":{"line":114,"column":35}},"loc":{"start":{"line":114,"column":61},"end":{"line":122,"column":1}}},"5":{"name":"versionToAlgorithm","decl":{"start":{"line":127,"column":16},"end":{"line":127,"column":34}},"loc":{"start":{"line":127,"column":60},"end":{"line":135,"column":1}}},"6":{"name":"algorithmToVersion","decl":{"start":{"line":140,"column":16},"end":{"line":140,"column":34}},"loc":{"start":{"line":140,"column":59},"end":{"line":147,"column":1}}},"7":{"name":"signatureString","decl":{"start":{"line":164,"column":16},"end":{"line":164,"column":31}},"loc":{"start":{"line":164,"column":76},"end":{"line":167,"column":1}}},"8":{"name":"parseSignatureString","decl":{"start":{"line":185,"column":16},"end":{"line":185,"column":36}},"loc":{"start":{"line":185,"column":46},"end":{"line":212,"column":1}}},"9":{"name":"computeEmbeddingSha256","decl":{"start":{"line":241,"column":16},"end":{"line":241,"column":38}},"loc":{"start":{"line":241,"column":68},"end":{"line":263,"column":1}}},"10":{"name":"(anonymous_16)","decl":{"start":{"line":243,"column":44},"end":{"line":243,"column":45}},"loc":{"start":{"line":243,"column":51},"end":{"line":243,"column":88}}},"11":{"name":"(anonymous_17)","decl":{"start":{"line":246,"column":34},"end":{"line":246,"column":35}},"loc":{"start":{"line":246,"column":40},"end":{"line":258,"column":3}}}},"branchMap":{"0":{"loc":{"start":{"line":14,"column":12},"end":{"line":14,"column":null}},"type":"binary-expr","locations":[{"start":{"line":14,"column":12},"end":{"line":14,"column":28}},{"start":{"line":14,"column":28},"end":{"line":14,"column":null}}]},"1":{"loc":{"start":{"line":23,"column":12},"end":{"line":23,"column":null}},"type":"binary-expr","locations":[{"start":{"line":23,"column":12},"end":{"line":23,"column":25}},{"start":{"line":23,"column":25},"end":{"line":23,"column":null}}]},"2":{"loc":{"start":{"line":105,"column":2},"end":{"line":107,"column":3}},"type":"if","locations":[{"start":{"line":105,"column":2},"end":{"line":107,"column":3}}]},"3":{"loc":{"start":{"line":116,"column":2},"end":{"line":120,"column":3}},"type":"if","locations":[{"start":{"line":116,"column":2},"end":{"line":120,"column":3}},{"start":{"line":118,"column":9},"end":{"line":120,"column":3}}]},"4":{"loc":{"start":{"line":118,"column":9},"end":{"line":120,"column":3}},"type":"if","locations":[{"start":{"line":118,"column":9},"end":{"line":120,"column":3}}]},"5":{"loc":{"start":{"line":129,"column":2},"end":{"line":133,"column":3}},"type":"if","locations":[{"start":{"line":129,"column":2},"end":{"line":133,"column":3}},{"start":{"line":131,"column":9},"end":{"line":133,"column":3}}]},"6":{"loc":{"start":{"line":131,"column":9},"end":{"line":133,"column":3}},"type":"if","locations":[{"start":{"line":131,"column":9},"end":{"line":133,"column":3}}]},"7":{"loc":{"start":{"line":141,"column":2},"end":{"line":145,"column":3}},"type":"if","locations":[{"start":{"line":141,"column":2},"end":{"line":145,"column":3}},{"start":{"line":143,"column":9},"end":{"line":145,"column":3}}]},"8":{"loc":{"start":{"line":143,"column":9},"end":{"line":145,"column":3}},"type":"if","locations":[{"start":{"line":143,"column":9},"end":{"line":145,"column":3}}]},"9":{"loc":{"start":{"line":186,"column":2},"end":{"line":188,"column":3}},"type":"if","locations":[{"start":{"line":186,"column":2},"end":{"line":188,"column":3}}]},"10":{"loc":{"start":{"line":191,"column":2},"end":{"line":193,"column":3}},"type":"if","locations":[{"start":{"line":191,"column":2},"end":{"line":193,"column":3}}]},"11":{"loc":{"start":{"line":199,"column":2},"end":{"line":201,"column":3}},"type":"if","locations":[{"start":{"line":199,"column":2},"end":{"line":201,"column":3}}]},"12":{"loc":{"start":{"line":204,"column":2},"end":{"line":206,"column":3}},"type":"if","locations":[{"start":{"line":204,"column":2},"end":{"line":206,"column":3}}]},"13":{"loc":{"start":{"line":248,"column":4},"end":{"line":250,"column":5}},"type":"if","locations":[{"start":{"line":248,"column":4},"end":{"line":250,"column":5}}]},"14":{"loc":{"start":{"line":254,"column":4},"end":{"line":256,"column":5}},"type":"if","locations":[{"start":{"line":254,"column":4},"end":{"line":256,"column":5}}]},"15":{"loc":{"start":{"line":254,"column":8},"end":{"line":254,"column":47}},"type":"binary-expr","locations":[{"start":{"line":254,"column":8},"end":{"line":254,"column":27}},{"start":{"line":254,"column":31},"end":{"line":254,"column":47}}]}},"s":{"0":10,"1":10,"2":10,"3":10,"4":10,"5":10,"6":10,"7":10,"8":10,"9":10,"10":5,"11":5,"12":5,"13":10,"14":21,"15":0,"16":21,"17":10,"18":0,"19":0,"20":0,"21":0,"22":0,"23":0,"24":10,"25":0,"26":0,"27":0,"28":0,"29":0,"30":0,"31":10,"32":0,"33":0,"34":0,"35":0,"36":0,"37":10,"38":0,"39":0,"40":10,"41":13,"42":3,"43":10,"44":10,"45":1,"46":9,"47":9,"48":9,"49":3,"50":6,"51":3,"52":3,"53":10,"54":10,"55":3610,"56":10,"57":3610,"58":1,"59":3609,"60":3609,"61":7,"62":3609,"63":10,"64":10,"65":10},"f":{"0":10,"1":10,"2":5,"3":21,"4":0,"5":0,"6":0,"7":0,"8":13,"9":10,"10":3610,"11":3610},"b":{"0":[10,10],"1":[10,10],"2":[0],"3":[0,0],"4":[0],"5":[0,0],"6":[0],"7":[0,0],"8":[0],"9":[3],"10":[1],"11":[3],"12":[3],"13":[1],"14":[7],"15":[3609,7]}}
,"/Users/sgolub/code/0din/prompt-toolkit/packages/typescript/src/hashers/index.ts": {"path":"/Users/sgolub/code/0din/prompt-toolkit/packages/typescript/src/hashers/index.ts","statementMap":{"0":{"start":{"line":6,"column":0},"end":{"line":6,"column":41}},"1":{"start":{"line":7,"column":0},"end":{"line":7,"column":9}},"2":{"start":{"line":31,"column":9},"end":{"line":7,"column":35}},"3":{"start":{"line":25,"column":2},"end":{"line":27,"column":3}},"4":{"start":{"line":26,"column":4},"end":{"line":26,"column":28}},"5":{"start":{"line":28,"column":2},"end":{"line":28,"column":53}},"6":{"start":{"line":24,"column":0},"end":{"line":24,"column":16}}},"fnMap":{"0":{"name":"(anonymous_0)","decl":{"start":{"line":31,"column":9},"end":{"line":31,"column":19}},"loc":{"start":{"line":31,"column":9},"end":{"line":7,"column":35}}},"1":{"name":"getHasher","decl":{"start":{"line":24,"column":16},"end":{"line":24,"column":25}},"loc":{"start":{"line":24,"column":50},"end":{"line":29,"column":1}}}},"branchMap":{"0":{"loc":{"start":{"line":25,"column":2},"end":{"line":27,"column":3}},"type":"if","locations":[{"start":{"line":25,"column":2},"end":{"line":27,"column":3}}]}},"s":{"0":4,"1":4,"2":8,"3":2,"4":1,"5":1,"6":4},"f":{"0":4,"1":2},"b":{"0":[1]}}
,"/Users/sgolub/code/0din/prompt-toolkit/packages/typescript/src/hashers/lsh.ts": {"path":"/Users/sgolub/code/0din/prompt-toolkit/packages/typescript/src/hashers/lsh.ts","statementMap":{"0":{"start":{"line":10,"column":0},"end":{"line":10,"column":57}},"1":{"start":{"line":34,"column":4},"end":{"line":34,"column":17}},"2":{"start":{"line":48,"column":4},"end":{"line":48,"column":46}},"3":{"start":{"line":28,"column":0},"end":{"line":28,"column":13}}},"fnMap":{"0":{"name":"(anonymous_0)","decl":{"start":{"line":33,"column":2},"end":{"line":33,"column":6}},"loc":{"start":{"line":33,"column":6},"end":{"line":35,"column":3}}},"1":{"name":"(anonymous_1)","decl":{"start":{"line":47,"column":2},"end":{"line":47,"column":9}},"loc":{"start":{"line":47,"column":48},"end":{"line":49,"column":3}}}},"branchMap":{},"s":{"0":4,"1":3,"2":2,"3":4},"f":{"0":3,"1":2},"b":{}}
,"/Users/sgolub/code/0din/prompt-toolkit/packages/typescript/src/providers/index.ts": {"path":"/Users/sgolub/code/0din/prompt-toolkit/packages/typescript/src/providers/index.ts","statementMap":{"0":{"start":{"line":11,"column":0},"end":{"line":11,"column":null}},"1":{"start":{"line":12,"column":2},"end":{"line":12,"column":null}},"2":{"start":{"line":18,"column":0},"end":{"line":18,"column":9}},"3":{"start":{"line":18,"column":9},"end":{"line":18,"column":42}},"4":{"start":{"line":19,"column":0},"end":{"line":19,"column":9}},"5":{"start":{"line":19,"column":9},"end":{"line":19,"column":38}}},"fnMap":{"0":{"name":"(anonymous_0)","decl":{"start":{"line":12,"column":2},"end":{"line":12,"column":12}},"loc":{"start":{"line":12,"column":2},"end":{"line":12,"column":null}}},"1":{"name":"(anonymous_1)","decl":{"start":{"line":18,"column":9},"end":{"line":18,"column":23}},"loc":{"start":{"line":18,"column":9},"end":{"line":18,"column":42}}},"2":{"name":"(anonymous_2)","decl":{"start":{"line":19,"column":9},"end":{"line":19,"column":21}},"loc":{"start":{"line":19,"column":9},"end":{"line":19,"column":38}}}},"branchMap":{},"s":{"0":4,"1":6,"2":4,"3":5,"4":4,"5":6},"f":{"0":2,"1":1,"2":2},"b":{}}
,"/Users/sgolub/code/0din/prompt-toolkit/packages/typescript/src/providers/model-cache.ts": {"path":"/Users/sgolub/code/0din/prompt-toolkit/packages/typescript/src/providers/model-cache.ts","statementMap":{"0":{"start":{"line":5,"column":0},"end":{"line":5,"column":25}},"1":{"start":{"line":6,"column":0},"end":{"line":6,"column":29}},"2":{"start":{"line":7,"column":0},"end":{"line":7,"column":25}},"3":{"start":{"line":8,"column":0},"end":{"line":8,"column":43}},"4":{"start":{"line":9,"column":0},"end":{"line":9,"column":39}},"5":{"start":{"line":10,"column":0},"end":{"line":10,"column":34}},"6":{"start":{"line":11,"column":0},"end":{"line":11,"column":41}},"7":{"start":{"line":110,"column":30},"end":{"line":114,"column":11}},"8":{"start":{"line":117,"column":29},"end":{"line":117,"column":61}},"9":{"start":{"line":125,"column":30},"end":{"line":129,"column":11}},"10":{"start":{"line":132,"column":29},"end":{"line":132,"column":61}},"11":{"start":{"line":144,"column":48},"end":{"line":147,"column":2}},"12":{"start":{"line":192,"column":4},"end":{"line":198,"column":5}},"13":{"start":{"line":193,"column":6},"end":{"line":193,"column":31}},"14":{"start":{"line":194,"column":11},"end":{"line":198,"column":5}},"15":{"start":{"line":195,"column":6},"end":{"line":195,"column":55}},"16":{"start":{"line":197,"column":6},"end":{"line":197,"column":51}},"17":{"start":{"line":205,"column":4},"end":{"line":205,"column":25}},"18":{"start":{"line":225,"column":17},"end":{"line":225,"column":41}},"19":{"start":{"line":226,"column":4},"end":{"line":228,"column":42}},"20":{"start":{"line":237,"column":21},"end":{"line":237,"column":49}},"21":{"start":{"line":238,"column":4},"end":{"line":238,"column":48}},"22":{"start":{"line":239,"column":4},"end":{"line":239,"column":20}},"23":{"start":{"line":249,"column":21},"end":{"line":249,"column":49}},"24":{"start":{"line":250,"column":4},"end":{"line":252,"column":5}},"25":{"start":{"line":251,"column":6},"end":{"line":251,"column":19}},"26":{"start":{"line":255,"column":25},"end":{"line":256,"column":null}},"27":{"start":{"line":258,"column":27},"end":{"line":259,"column":null}},"28":{"start":{"line":262,"column":26},"end":{"line":262,"column":59}},"29":{"start":{"line":264,"column":4},"end":{"line":267,"column":6}},"30":{"start":{"line":266,"column":36},"end":{"line":266,"column":76}},"31":{"start":{"line":285,"column":21},"end":{"line":285,"column":49}},"32":{"start":{"line":286,"column":4},"end":{"line":288,"column":5}},"33":{"start":{"line":287,"column":6},"end":{"line":287,"column":19}},"34":{"start":{"line":291,"column":6},"end":{"line":292,"column":67}},"35":{"start":{"line":293,"column":25},"end":{"line":293,"column":77}},"36":{"start":{"line":294,"column":4},"end":{"line":294,"column":44}},"37":{"start":{"line":306,"column":21},"end":{"line":306,"column":49}},"38":{"start":{"line":307,"column":26},"end":{"line":307,"column":70}},"39":{"start":{"line":308,"column":28},"end":{"line":308,"column":69}},"40":{"start":{"line":311,"column":4},"end":{"line":313,"column":5}},"41":{"start":{"line":312,"column":6},"end":{"line":312,"column":27}},"42":{"start":{"line":314,"column":4},"end":{"line":314,"column":27}},"43":{"start":{"line":323,"column":4},"end":{"line":323,"column":69}},"44":{"start":{"line":332,"column":4},"end":{"line":332,"column":66}},"45":{"start":{"line":343,"column":23},"end":{"line":343,"column":50}},"46":{"start":{"line":344,"column":23},"end":{"line":344,"column":59}},"47":{"start":{"line":345,"column":4},"end":{"line":345,"column":34}},"48":{"start":{"line":382,"column":21},"end":{"line":382,"column":64}},"49":{"start":{"line":385,"column":4},"end":{"line":387,"column":5}},"50":{"start":{"line":386,"column":6},"end":{"line":386,"column":22}},"51":{"start":{"line":389,"column":4},"end":{"line":389,"column":67}},"52":{"start":{"line":390,"column":4},"end":{"line":390,"column":20}},"53":{"start":{"line":424,"column":45},"end":{"line":424,"column":52}},"54":{"start":{"line":427,"column":4},"end":{"line":433,"column":5}},"55":{"start":{"line":429,"column":8},"end":{"line":431,"column":34}},"56":{"start":{"line":432,"column":6},"end":{"line":432,"column":32}},"57":{"start":{"line":432,"column":25},"end":{"line":432,"column":32}},"58":{"start":{"line":435,"column":28},"end":{"line":435,"column":61}},"59":{"start":{"line":438,"column":4},"end":{"line":440,"column":6}},"60":{"start":{"line":439,"column":30},"end":{"line":439,"column":71}},"61":{"start":{"line":454,"column":4},"end":{"line":456,"column":5}},"62":{"start":{"line":455,"column":6},"end":{"line":455,"column":74}},"63":{"start":{"line":457,"column":4},"end":{"line":459,"column":5}},"64":{"start":{"line":458,"column":6},"end":{"line":458,"column":74}},"65":{"start":{"line":460,"column":4},"end":{"line":463,"column":6}},"66":{"start":{"line":488,"column":6},"end":{"line":488,"column":55}},"67":{"start":{"line":490,"column":6},"end":{"line":490,"column":61}},"68":{"start":{"line":491,"column":23},"end":{"line":491,"column":41}},"69":{"start":{"line":493,"column":16},"end":{"line":493,"column":64}},"70":{"start":{"line":496,"column":4},"end":{"line":496,"column":62}},"71":{"start":{"line":499,"column":21},"end":{"line":499,"column":106}},"72":{"start":{"line":501,"column":23},"end":{"line":501,"column":44}},"73":{"start":{"line":502,"column":20},"end":{"line":504,"column":null}},"74":{"start":{"line":503,"column":12},"end":{"line":503,"column":30}},"75":{"start":{"line":508,"column":4},"end":{"line":518,"column":5}},"76":{"start":{"line":509,"column":46},"end":{
[...]
line":306,"column":2},"end":{"line":306,"column":6}},"loc":{"start":{"line":306,"column":16},"end":{"line":308,"column":3}}},"11":{"name":"(anonymous_17)","decl":{"start":{"line":311,"column":2},"end":{"line":311,"column":6}},"loc":{"start":{"line":311,"column":13},"end":{"line":313,"column":3}}},"12":{"name":"(anonymous_18)","decl":{"start":{"line":316,"column":2},"end":{"line":316,"column":13}},"loc":{"start":{"line":316,"column":40},"end":{"line":319,"column":3}}},"13":{"name":"(anonymous_19)","decl":{"start":{"line":323,"column":10},"end":{"line":323,"column":23}},"loc":{"start":{"line":323,"column":23},"end":{"line":325,"column":3}}},"14":{"name":"(anonymous_20)","decl":{"start":{"line":327,"column":10},"end":{"line":327,"column":23}},"loc":{"start":{"line":327,"column":23},"end":{"line":332,"column":3}}},"15":{"name":"(anonymous_21)","decl":{"start":{"line":329,"column":11},"end":{"line":329,"column":12}},"loc":{"start":{"line":329,"column":18},"end":{"line":329,"column":29}}},"16":{"name":"(anonymous_22)","decl":{"start":{"line":330,"column":14},"end":{"line":330,"column":15}},"loc":{"start":{"line":330,"column":34},"end":{"line":330,"column":49}}},"17":{"name":"(anonymous_23)","decl":{"start":{"line":334,"column":10},"end":{"line":334,"column":22}},"loc":{"start":{"line":334,"column":52},"end":{"line":354,"column":3}}},"18":{"name":"(anonymous_24)","decl":{"start":{"line":336,"column":26},"end":{"line":336,"column":27}},"loc":{"start":{"line":336,"column":36},"end":{"line":336,"column":59}}},"19":{"name":"(anonymous_25)","decl":{"start":{"line":356,"column":10},"end":{"line":356,"column":26}},"loc":{"start":{"line":356,"column":26},"end":{"line":368,"column":3}}}},"branchMap":{"0":{"loc":{"start":{"line":51,"column":48},"end":{"line":51,"column":80}},"type":"default-arg","locations":[{"start":{"line":51,"column":67},"end":{"line":51,"column":80}}]},"1":{"loc":{"start":{"line":52,"column":2},"end":{"line":56,"column":3}},"type":"if","locations":[{"start":{"line":52,"column":2},"end":{"line":56,"column":3}}]},"2":{"loc":{"start":{"line":52,"column":6},"end":{"line":52,"column":47}},"type":"binary-expr","locations":[{"start":{"line":52,"column":6},"end":{"line":52,"column":16}},{"start":{"line":52,"column":20},"end":{"line":52,"column":47}}]},"3":{"loc":{"start":{"line":96,"column":17},"end":{"line":96,"column":47}},"type":"binary-expr","locations":[{"start":{"line":96,"column":17},"end":{"line":96,"column":30}},{"start":{"line":96,"column":34},"end":{"line":96,"column":47}}]},"4":{"loc":{"start":{"line":99,"column":6},"end":{"line":101,"column":67}},"type":"binary-expr","locations":[{"start":{"line":99,"column":6},"end":{"line":99,"column":22}},{"start":{"line":100,"column":6},"end":{"line":100,"column":54}},{"start":{"line":101,"column":6},"end":{"line":101,"column":67}}]},"5":{"loc":{"start":{"line":112,"column":4},"end":{"line":114,"column":5}},"type":"if","locations":[{"start":{"line":112,"column":4},"end":{"line":114,"column":5}}]},"6":{"loc":{"start":{"line":124,"column":4},"end":{"line":126,"column":5}},"type":"if","locations":[{"start":{"line":124,"column":4},"end":{"line":126,"column":5}}]},"7":{"loc":{"start":{"line":128,"column":21},"end":{"line":128,"column":39}},"type":"binary-expr","locations":[{"start":{"line":128,"column":21},"end":{"line":128,"column":33}},{"start":{"line":128,"column":37},"end":{"line":128,"column":39}}]},"8":{"loc":{"start":{"line":137,"column":21},"end":{"line":137,"column":42}},"type":"binary-expr","locations":[{"start":{"line":137,"column":21},"end":{"line":137,"column":36}},{"start":{"line":137,"column":40},"end":{"line":137,"column":42}}]},"9":{"loc":{"start":{"line":139,"column":21},"end":{"line":139,"column":57}},"type":"binary-expr","locations":[{"start":{"line":139,"column":21},"end":{"line":139,"column":36}},{"start":{"line":139,"column":40},"end":{"line":139,"column":57}}]},"10":{"loc":{"start":{"line":159,"column":17},"end":{"line":159,"column":58}},"type":"binary-expr","locations":[{"start":{"line":159,"column":17},"end":{"line":159,"column":30}},{"start":{"line":159,"column":34},"end":{"line":159,"column":58}}]},"11":{"loc":{"start":{"line":203,"column":17},"end":{"line":203,"column":39}},"type":"binary-expr","locations":[{"start":{"line":203,"column":17},"end":{"line":203,"column":30}},{"start":{"line":203,"column":34},"end":{"line":203,"column":39}}]},"12":{"loc":{"start":{"line":204,"column":18},"end":{"line":204,"column":57}},"type":"cond-expr","locations":[{"start":{"line":204,"column":25},"end":{"line":204,"column":34}},{"start":{"line":204,"column":37},"end":{"line":204,"column":57}}]},"13":{"loc":{"start":{"line":213,"column":8},"end":{"line":223,"column":9}},"type":"if","locations":[{"start":{"line":213,"column":8},"end":{"line":223,"column":9}}]},"14":{"loc":{"start":{"line":228,"column":4},"end":{"line":234,"column":5}},"type":"if","locations":[{"start":{"line":228,"column":4},"end":{"line":234,"column":5}},{"start":{"line":232,"column":11},"end":{"line":234,"column":5}}]},"15":{"loc":{"start":{"line":258,"column":22},"end":{"line":258,"column":48}},"type":"binary-expr","locations":[{"start":{"line":258,"column":22},"end":{"line":258,"column":40}},{"start":{"line":258,"column":44},"end":{"line":258,"column":48}}]},"16":{"loc":{"start":{"line":259,"column":23},"end":{"line":259,"column":48}},"type":"binary-expr","locations":[{"start":{"line":259,"column":23},"end":{"line":259,"column":42}},{"start":{"line":259,"column":46},"end":{"line":259,"column":48}}]},"17":{"loc":{"start":{"line":268,"column":6},"end":{"line":272,"column":7}},"type":"if","locations":[{"start":{"line":268,"column":6},"end":{"line":272,"column":7}}]},"18":{"loc":{"start":{"line":278,"column":6},"end":{"line":278,"column":48}},"type":"if","locations":[{"start":{"line":278,"column":6},"end":{"line":278,"column":48}}]},"19":{"loc":{"start":{"line":282,"column":6},"end":{"line":292,"column":7}},"type":"if","locations":[{"start":{"line":282,"column":6},"end":{"line":292,"column":7}}]},"20":{"loc":{"start":{"line":331,"column":11},"end":{"line":331,"column":70}},"type":"cond-expr","locations":[{"start":{"line":331,"column":35},"end":{"line":331,"column":58}},{"start":{"line":331,"column":61},"end":{"line":331,"column":70}}]},"21":{"loc":{"start":{"line":343,"column":6},"end":{"line":350,"column":7}},"type":"if","locations":[{"start":{"line":343,"column":6},"end":{"line":350,"column":7}},{"start":{"line":346,"column":13},"end":{"line":350,"column":7}}]},"22":{"loc":{"start":{"line":362,"column":8},"end":{"line":364,"column":9}},"type":"if","locations":[{"start":{"line":362,"column":8},"end":{"line":364,"column":9}}]}},"s":{"0":7,"1":7,"2":7,"3":7,"4":7,"5":7,"6":7,"7":7,"8":7,"9":60,"10":0,"11":60,"12":60,"13":60,"14":60,"15":960,"16":60,"17":7,"18":16,"19":16,"20":16,"21":16,"22":16,"23":16,"24":16,"25":3,"26":3,"27":1,"28":2,"29":2,"30":2,"31":0,"32":2,"33":1,"34":1,"35":1,"36":1,"37":1,"38":1,"39":1,"40":1,"41":1,"42":0,"43":1,"44":1,"45":1,"46":1,"47":1,"48":1,"49":1,"50":0,"51":0,"52":0,"53":0,"54":0,"55":0,"56":0,"57":0,"58":0,"59":0,"60":0,"61":0,"62":0,"63":0,"64":0,"65":0,"66":0,"67":0,"68":0,"69":0,"70":0,"71":0,"72":16,"73":16,"74":16,"75":16,"76":16,"77":16,"78":256,"79":256,"80":256,"81":160,"82":509,"83":16,"84":16,"85":32,"86":0,"87":32,"88":32,"89":32,"90":32,"91":32,"92":16,"93":22,"94":16,"95":3,"96":0,"97":0,"98":11,"99":11,"100":4,"101":0,"102":0,"103":0,"104":0,"105":0,"106":0,"107":0,"108":0,"109":0,"110":0,"111":0,"112":0,"113":0,"114":0,"115":0,"116":0,"117":0,"118":0,"119":11,"120":11,"121":11,"122":37,"123":37,"124":37,"125":592,"126":592,"127":243,"128":592,"129":7},"f":{"0":60,"1":16,"2":3,"3":1,"4":1,"5":1,"6":0,"7":16,"8":22,"9":3,"10":0,"11":0,"12":11,"13":4,"14":0,"15":0,"16":0,"17":0,"18":0,"19":11},"b":{"0":[0],"1":[0],"2":[60,60],"3":[16,16],"4":[16,12,12],"5":[1],"6":[1],"7":[1,0],"8":[1,0],"9":[1,0],"10":[1,1],"11":[0,0],"12":[0,0],"13":[0],"14":[0,0],"15":[16,10],"16":[16,15],"17":[160],"18":[0],"19":[32],"20":[0,0],"21":[0,0],"22":[243]}}
,"/Users/sgolub/code/0din/prompt-toolkit/packages/typescript/src/threatfeed/client.ts": {"path":"/Users/sgolub/code/0din/prompt-toolkit/packages/typescript/src/threatfeed/client.ts","statementMap":{"0":{"start":{"line":5,"column":0},"end":{"line":5,"column":46}},"1":{"start":{"line":7,"column":0},"end":{"line":7,"column":50}},"2":{"start":{"line":40,"column":4},"end":{"line":44,"column":9}},"3":{"start":{"line":46,"column":4},"end":{"line":50,"column":5}},"4":{"start":{"line":47,"column":6},"end":{"line":49,"column":8}},"5":{"start":{"line":52,"column":4},"end":{"line":55,"column":24}},"6":{"start":{"line":57,"column":4},"end":{"line":57,"column":42}},"7":{"start":{"line":62,"column":4},"end":{"line":62,"column":25}},"8":{"start":{"line":74,"column":18},"end":{"line":74,"column":32}},"9":{"start":{"line":75,"column":42},"end":{"line":75,"column":44}},"10":{"start":{"line":76,"column":15},"end":{"line":76,"column":16}},"11":{"start":{"line":78,"column":4},"end":{"line":90,"column":5}},"12":{"start":{"line":79,"column":19},"end":{"line":79,"column":52}},"13":{"start":{"line":80,"column":23},"end":{"line":80,"column":52}},"14":{"start":{"line":81,"column":6},"end":{"line":81,"column":47}},"15":{"start":{"line":83,"column":6},"end":{"line":85,"column":7}},"16":{"start":{"line":84,"column":8},"end":{"line":84,"column":14}},"17":{"start":{"line":86,"column":6},"end":{"line":86,"column":13}},"18":{"start":{"line":89,"column":6},"end":{"line":89,"column":63}},"19":{"start":{"line":89,"column":37},"end":{"line":89,"column":61}},"20":{"start":{"line":92,"column":4},"end":{"line":92,"column":22}},"21":{"start":{"line":103,"column":16},"end":{"line":103,"column":60}},"22":{"start":{"line":104,"column":20},"end":{"line":107,"column":6}},"23":{"start":{"line":110,"column":4},"end":{"line":114,"column":5}},"24":{"start":{"line":111,"column":6},"end":{"line":111,"column":47}},"25":{"start":{"line":113,"column":6},"end":{"line":113,"column":58}},"26":{"start":{"line":116,"column":4},"end":{"line":122,"column":5}},"27":{"start":{"line":117,"column":19},"end":{"line":117,"column":40}},"28":{"start":{"line":118,"column":6},"end":{"line":121,"column":8}},"29":{"start":{"line":124,"column":18},"end":{"line":124,"column":39}},"30":{"start":{"line":125,"column":17},"end":{"line":129,"column":null}},"31":{"start":{"line":126,"column":16},"end":{"line":129,"column":8}},"32":{"start":{"line":132,"column":4},"end":{"line":140,"column":6}},"33":{"start":{"line":149,"column":14},"end":{"line":149,"column":88}},"34":{"start":{"line":150,"column":4},"end":{"line":152,"column":5}},"35":{"start":{"line":151,"column":6},"end":{"line":151,"column":64}},"36":{"start":{"line":154,"column":20},"end":{"line":157,"column":6}},"37":{"start":{"line":160,"column":4},"end":{"line":164,"column":5}},"38":{"start":{"line":161,"column":6},"end":{"line":161,"column":47}},"39":{"start":{"line":163,"column":6},"end":{"line":163,"column":58}},"40":{"start":{"line":166,"column":4},"end":{"line":172,"column":5}},"41":{"start":{"line":167,"column":19},"end":{"line":167,"column":40}},"42":{"start":{"line":168,"column":6},"end":{"line":171,"column":8}},"43":{"start":{"line":174,"column":4},"end":{"line":174,"column":62}},"44":{"start":{"line":34,"column":0},"end":{"line":34,"column":13}}},"fnMap":{"0":{"name":"(anonymous_0)","decl":{"start":{"line":39,"column":2},"end":{"line":39,"column":14}},"loc":{"start":{"line":39,"column":51},"end":{"line":58,"column":3}}},"1":{"name":"(anonymous_1)","decl":{"start":{"line":61,"column":2},"end":{"line":61,"column":6}},"loc":{"start":{"line":61,"column":13},"end":{"line":63,"column":3}}},"2":{"name":"(anonymous_2)","decl":{"start":{"line":73,"column":2},"end":{"line":73,"column":7}},"loc":{"start":{"line":73,"column":45},"end":{"line":93,"column":3}}},"3":{"name":"(anonymous_3)","decl":{"start":{"line":89,"column":24},"end":{"line":89,"column":25}},"loc":{"start":{"line":89,"column":37},"end":{"line":89,"column":61}}},"4":{"name":"(anonymous_4)","decl":{"start":{"line":102,"column":2},"end":{"line":102,"column":7}},"loc":{"start":{"line":102,"column":29},"end":{"line":141,"column":3}}},"5":{"name":"(anonymous_5)","decl":{"start":{"line":126,"column":6},"end":{"line":126,"column":7}},"loc":{"start":{"line":126,"column":16},"end":{"line":129,"column":8}}},"6":{"name":"(anonymous_6)","decl":{"start":{"line":145,"column":10},"end":{"line":145,"column":15}},"loc":{"start":{"line":147,"column":18},"end":{"line":175,"column":3}}}},"branchMap":{"0":{"loc":{"start":{"line":39,"column":14},"end":{"line":39,"column":51}},"type":"default-arg","locations":[{"start":{"line":39,"column":49},"end":{"line":39,"column":51}}]},"1":{"loc":{"start":{"line":41,"column":6},"end":{"line":44,"column":8}},"type":"binary-expr","locations":[{"start":{"line":41,"column":6},"end":{"line":41,"column":22}},{"start":{"line":42,"column":6},"end":{"line":42,"column":43}},{"start":{"line":43,"column":6},"end":{"line":43,"column":32}},{"start":{"line":44,"column":6},"end":{"line":44,"column":8}}]},"2":{"loc":{"start":{"line":46,"column":4},"end":{"line":50,"column":5}},"type":"if","locations":[{"start":{"line":46,"column":4},"end":{"line":50,"column":5}}]},"3":{"loc":{"start":{"line":53,"column":6},"end":{"line":55,"column":23}},"type":"binary-expr","locations":[{"start":{"line":53,"column":6},"end":{"line":53,"column":21}},{"start":{"line":54,"column":6},"end":{"line":54,"column":42}},{"start":{"line":55,"column":6},"end":{"line":55,"column":23}}]},"4":{"loc":{"start":{"line":57,"column":19},"end":{"line":57,"column":41}},"type":"binary-expr","locations":[{"start":{"line":57,"column":19},"end":{"line":57,"column":34}},{"start":{"line":57,"column":38},"end":{"line":57,"column":41}}]},"5":{"loc":{"start":{"line":83,"column":6},"end":{"line":85,"column":7}},"type":"if","locations":[{"start":{"line":83,"column":6},"end":{"line":85,"column":7}}]},"6":{"loc":{"start":{"line":116,"column":4},"end":{"line":122,"column":5}},"type":"if","locations":[{"start":{"line":116,"column":4},"end":{"line":122,"column":5}}]},"7":{"loc":{"start":{"line":125,"column":19},"end":{"line":125,"column":84}},"type":"binary-expr","locations":[{"start":{"line":125,"column":19},"end":{"line":125,"column":78}},{"start":{"line":125,"column":82},"end":{"line":125,"column":84}}]},"8":{"loc":{"start":{"line":136,"column":17},"end":{"line":136,"column":50}},"type":"binary-expr","locations":[{"start":{"line":136,"column":17},"end":{"line":136,"column":41}},{"start":{"line":136,"column":45},"end":{"line":136,"column":50}}]},"9":{"loc":{"start":{"line":137,"column":25},"end":{"line":137,"column":64}},"type":"binary-expr","locations":[{"start":{"line":137,"column":25},"end":{"line":137,"column":58}},{"start":{"line":137,"column":62},"end":{"line":137,"column":64}}]},"10":{"loc":{"start":{"line":150,"column":4},"end":{"line":152,"column":5}},"type":"if","locations":[{"start":{"line":150,"column":4},"end":{"line":152,"column":5}}]},"11":{"loc":{"start":{"line":166,"column":4},"end":{"line":172,"column":5}},"type":"if","locations":[{"start":{"line":166,"column":4},"end":{"line":172,"column":5}}]}},"s":{"0":5,"1":5,"2":21,"3":21,"4":2,"5":19,"6":19,"7":3,"8":11,"9":11,"10":11,"11":11,"12":12,"13":9,"14":9,"15":9,"16":8,"17":1,"18":1,"19":1,"20":8,"21":2,"22":2,"23":2,"24":2,"25":0,"26":2,"27":1,"28":1,"29":1,"30":1,"31":1,"32":1,"33":12,"34":12,"35":1,"36":12,"37":12,"38":12,"39":0,"40":12,"41":3,"42":3,"43":9,"44":5},"f":{"0":21,"1":3,"2":11,"3":1,"4":2,"5":1,"6":12},"b":{"0":[5],"1":[21,5,3,2],"2":[2],"3":[19,6,5],"4":[19,19],"5":[8],"6":[1],"7":[1,0],"8":[1,0],"9":[1,0],"10":[1],"11":[3]}}
,"/Users/sgolub/code/0din/prompt-toolkit/packages/typescript/src/threatfeed/compare.ts": {"path":"/Users/sgolub/code/0din/prompt-toolkit/packages/typescript/src/threatfeed/compare.ts","statementMap":{"0":{"start":{"line":42,"column":21},"end":{"line":42,"column":55}},"1":{"start":{"line":43,"column":2},"end":{"line":43,"column":42}},"2":{"start":{"line":37,"column":0},"end":{"line":37,"column":16}}},"fnMap":{"0":{"name":"compareToThreatfeed","decl":{"start":{"line":37,"column":16},"end":{"line":37,"column":35}},"loc":{"start":{"line":40,"column":55},"end":{"line":44,"column":1}}}},"branchMap":{},"s":{"0":5,"1":5,"2":5},"f":{"0":5},"b":{}}
,"/Users/sgolub/code/0din/prompt-toolkit/packages/typescript/src/threatfeed/index.ts": {"path":"/Users/sgolub/code/0din/prompt-toolkit/packages/typescript/src/threatfeed/index.ts","statementMap":{"0":{"start":{"line":25,"column":0},"end":{"line":25,"column":9}},"1":{"start":{"line":25,"column":9},"end":{"line":25,"column":42}},"2":{"start":{"line":26,"column":0},"end":{"line":26,"column":9}},"3":{"start":{"line":26,"column":9},"end":{"line":26,"column":44}},"4":{"start":{"line":27,"column":0},"end":{"line":27,"column":9}},"5":{"start":{"line":27,"column":9},"end":{"line":27,"column":48}},"6":{"start":{"line":36,"column":0},"end":{"line":36,"column":9}},"7":{"start":{"line":36,"column":9},"end":{"line":36,"column":50}}},"fnMap":{"0":{"name":"(anonymous_0)","decl":{"start":{"line":25,"column":9},"end":{"line":25,"column":24}},"loc":{"start":{"line":25,"column":9},"end":{"line":25,"column":42}}},"1":{"name":"(anonymous_1)","decl":{"start":{"line":26,"column":9},"end":{"line":26,"column":25}},"loc":{"start":{"line":26,"column":9},"end":{"line":26,"column":44}}},"2":{"name":"(anonymous_2)","decl":{"start":{"line":27,"column":9},"end":{"line":27,"column":28}},"loc":{"start":{"line":27,"column":9},"end":{"line":27,"column":48}}},"3":{"name":"(anonymous_3)","decl":{"start":{"line":36,"column":9},"end":{"line":36,"column":32}},"loc":{"start":{"line":36,"column":9},"end":{"line":36,"column":50}}}},"branchMap":{},"s":{"0":4,"1":4,"2":4,"3":4,"4":4,"5":4,"6":4,"7":4},"f":{"0":0,"1":0,"2":0,"3":0},"b":{}}
,"/Users/sgolub/code/0din/prompt-toolkit/packages/typescript/src/threatfeed/types.ts": {"path":"/Users/sgolub/code/0din/prompt-toolkit/packages/typescript/src/threatfeed/types.ts","statementMap":{"0":{"start":{"line":77,"column":17},"end":{"line":77,"column":70}},"1":{"start":{"line":78,"column":2},"end":{"line":96,"column":4}},"2":{"start":{"line":82,"column":39},"end":{"line":95,"column":6}},"3":{"start":{"line":90,"column":18},"end":{"line":93,"column":10}},"4":{"start":{"line":76,"column":0},"end":{"line":76,"column":16}}},"fnMap":{"0":{"name":"parseThreatFeedResponse","decl":{"start":{"line":76,"column":16},"end":{"line":76,"column":39}},"loc":{"start":{"line":76,"column":69},"end":{"line":97,"column":1}}},"1":{"name":"(anonymous_1)","decl":{"start":{"line":82,"column":27},"end":{"line":82,"column":28}},"loc":{"start":{"line":82,"column":39},"end":{"line":95,"column":6}}},"2":{"name":"(anonymous_2)","decl":{"start":{"line":90,"column":8},"end":{"line":90,"column":9}},"loc":{"start":{"line":90,"column":18},"end":{"line":93,"column":10}}}},"branchMap":{"0":{"loc":{"start":{"line":77,"column":17},"end":{"line":77,"column":70}},"type":"binary-expr","locations":[{"start":{"line":77,"column":17},"end":{"line":77,"column":64}},{"start":{"line":77,"column":68},"end":{"line":77,"column":70}}]},"1":{"loc":{"start":{"line":86,"column":17},"end":{"line":86,"column":51}},"type":"binary-expr","locations":[{"start":{"line":86,"column":17},"end":{"line":86,"column":42}},{"start":{"line":86,"column":46},"end":{"line":86,"column":51}}]},"2":{"loc":{"start":{"line":87,"column":25},"end":{"line":87,"column":65}},"type":"binary-expr","locations":[{"start":{"line":87,"column":25},"end":{"line":87,"column":59}},{"start":{"line":87,"column":63},"end":{"line":87,"column":65}}]},"3":{"loc":{"start":{"line":89,"column":29},"end":{"line":89,"column":90}},"type":"binary-expr","locations":[{"start":{"line":89,"column":29},"end":{"line":89,"column":84}},{"start":{"line":89,"column":88},"end":{"line":89,"column":90}}]}},"s":{"0":9,"1":9,"2":7,"3":7,"4":5},"f":{"0":9,"1":7,"2":7},"b":{"0":[9,0],"1":[7,0],"2":[7,0],"3":[7,0]}}
}
