TN:
SF:src/cm-lsh.ts
FN:37,lshTsCompat
FN:84,packBits
FN:100,unpackBits
FN:112,matmulVec
FN:127,percentile
FN:130,(anonymous_5)
FN:145,interp
FN:164,clamp
FN:179,(anonymous_8)
FN:189,(anonymous_9)
FN:211,(anonymous_10)
FN:231,(anonymous_11)
FN:252,(anonymous_12)
FN:315,(anonymous_13)
FN:323,(anonymous_14)
FN:366,(anonymous_15)
FN:378,(anonymous_16)
FN:388,(anonymous_17)
FN:424,genHyperplanes
FN:439,lshTsHash
FN:466,createDefaultCmLsh
FNF:21
FNH:19
FNDA:6,lshTsCompat
FNDA:29,packBits
FNDA:16,unpackBits
FNDA:42,matmulVec
FNDA:14,percentile
FNDA:33988,(anonymous_5)
FNDA:4,interp
FNDA:4,clamp
FNDA:8,(anonymous_8)
FNDA:4,(anonymous_9)
FNDA:8,(anonymous_10)
FNDA:14,(anonymous_11)
FNDA:14,(anonymous_12)
FNDA:4,(anonymous_13)
FNDA:4,(anonymous_14)
FNDA:0,(anonymous_15)
FNDA:0,(anonymous_16)
FNDA:1,(anonymous_17)
FNDA:8,genHyperplanes
FNDA:1,lshTsHash
FNDA:8,createDefaultCmLsh
DA:18,5
DA:37,5
DA:38,6
DA:85,29
DA:86,29
DA:88,3648
DA:92,3648
DA:94,29
DA:101,16
DA:102,16
DA:103,2048
DA:104,2048
DA:106,16
DA:113,42
DA:114,42
DA:115,10752
DA:116,10752
DA:117,3073024
DA:119,10752
DA:121,42
DA:128,14
DA:130,33988
DA:131,14
DA:132,14
DA:133,14
DA:134,14
DA:136,14
DA:137,0
DA:139,14
DA:147,4
DA:148,4
DA:151,2
DA:152,2
DA:153,2
DA:154,2
DA:158,0
DA:165,4
DA:180,8
DA:181,8
DA:182,8
DA:183,8
DA:190,4
DA:191,4
DA:208,5
DA:212,8
DA:214,8
DA:215,8
DA:217,8
DA:233,14
DA:234,14
DA:235,14
DA:236,4210
DA:238,14
DA:240,14
DA:241,14
DA:242,4210
DA:246,14
DA:254,14
DA:258,14
DA:259,14
DA:260,4210
DA:264,14
DA:267,14
DA:270,14
DA:271,14
DA:272,14
DA:275,14
DA:276,14
DA:277,7168
DA:282,14
DA:283,14
DA:284,7168
DA:286,14
DA:288,14
DA:289,14
DA:290,7168
DA:294,14
DA:295,14
DA:298,14
DA:299,14
DA:300,14
DA:301,896
DA:302,896
DA:305,14
DA:316,4
DA:317,4
DA:324,4
DA:325,4
DA:326,4
DA:327,4
DA:330,4
DA:331,4
DA:332,4
DA:333,4
DA:335,4
DA:336,2048
DA:337,2048
DA:339,2048
DA:340,2048
DA:342,2048
DA:343,1005
DA:344,1005
DA:348,4
DA:351,4
DA:352,4
DA:353,4
DA:355,0
DA:367,0
DA:379,0
DA:389,1
DA:392,1
DA:393,1
DA:394,1
DA:395,384
DA:397,1
DA:399,1
DA:400,1
DA:401,384
DA:406,1
DA:408,1
DA:424,5
DA:425,8
DA:426,8
DA:427,2048
DA:428,2048
DA:429,487936
DA:431,2048
DA:433,8
DA:440,1
DA:441,1
DA:442,256
DA:443,256
DA:444,98304
DA:446,256
DA:448,1
DA:466,5
DA:468,8
DA:472,8
DA:473,8
DA:477,8
DA:478,8
DA:479,2048
DA:480,2048
DA:481,1394
DA:483,2048
DA:487,8
DA:488,8
DA:489,2048
DA:490,2048
DA:491,2048
DA:494,8
DA:495,8
DA:498,8
DA:505,8
LF:154
LH:149
BRDA:88,0,0,1827
BRDA:88,0,1,1821
BRDA:89,1,0,1827
BRDA:89,1,1,1821
BRDA:90,2,0,1832
BRDA:90,2,1,1816
BRDA:91,3,0,1801
BRDA:91,3,1,1847
BRDA:128,4,0,0
BRDA:136,5,0,0
BRDA:147,6,0,0
BRDA:148,7,0,2
BRDA:152,8,0,2
BRDA:152,9,0,2
BRDA:152,9,1,2
BRDA:214,10,0,0
BRDA:215,11,0,0
BRDA:240,12,0,14
BRDA:302,13,0,14
BRDA:337,14,0,2048
BRDA:337,14,1,1014
BRDA:339,15,0,1536
BRDA:342,16,0,1005
BRDA:343,17,0,756
BRDA:351,18,0,4
BRDA:351,18,1,0
BRDA:378,19,0,0
BRDA:399,20,0,1
BRDA:466,21,0,0
BRDA:480,22,0,1394
BRDA:480,23,0,2048
BRDA:480,23,1,1394
BRF:32
BRH:24
end_of_record
TN:
SF:src/error.ts
FN:26,(anonymous_0)
FN:46,(anonymous_1)
FN:64,(anonymous_2)
FN:81,(anonymous_3)
FN:106,(anonymous_4)
FN:121,(anonymous_5)
FN:135,(anonymous_6)
FN:148,(anonymous_7)
FNF:8
FNH:7
FNDA:46,(anonymous_0)
FNDA:6,(anonymous_1)
FNDA:7,(anonymous_2)
FNDA:6,(anonymous_3)
FNDA:16,(anonymous_4)
FNDA:6,(anonymous_5)
FNDA:0,(anonymous_6)
FNDA:3,(anonymous_7)
DA:25,14
DA:27,46
DA:28,46
DA:30,46
DA:45,14
DA:47,6
DA:48,6
DA:63,14
DA:65,7
DA:66,7
DA:80,14
DA:82,6
DA:83,6
DA:105,14
DA:107,16
DA:108,16
DA:118,14
DA:122,6
DA:123,6
DA:124,6
DA:134,14
DA:136,0
DA:137,0
DA:147,14
DA:149,3
DA:150,3
LF:26
LH:24
BRF:0
BRH:0
end_of_record
TN:
SF:src/index.ts
FN:62,(anonymous_0)
FN:69,(anonymous_1)
FN:69,(anonymous_2)
FN:73,(anonymous_3)
FN:74,(anonymous_4)
FN:75,(anonymous_5)
FN:76,(anonymous_6)
FN:77,(anonymous_7)
FN:78,(anonymous_8)
FN:79,(anonymous_9)
FN:80,(anonymous_10)
FN:85,(anonymous_11)
FN:86,(anonymous_12)
FN:87,(anonymous_13)
FN:88,(anonymous_14)
FN:95,(anonymous_15)
FN:96,(anonymous_16)
FN:104,(anonymous_17)
FN:105,(anonymous_18)
FN:106,(anonymous_19)
FN:107,(anonymous_20)
FN:108,(anonymous_21)
FN:109,(anonymous_22)
FN:110,(anonymous_23)
FN:111,(anonymous_24)
FN:116,(anonymous_25)
FN:117,(anonymous_26)
FN:118,(anonymous_27)
FN:119,(anonymous_28)
FN:128,(anonymous_29)
FN:129,(anonymous_30)
FN:130,(anonymous_31)
FN:131,(anonymous_32)
FN:142,(anonymous_33)
FN:143,(anonymous_34)
FN:144,(anonymous_35)
FN:155,(anonymous_36)
FN:156,(anonymous_37)
FN:157,(anonymous_38)
FN:158,(anonymous_39)
FN:159,(anonymous_40)
FN:160,(anonymous_41)
FN:161,(anonymous_42)
FN:162,(anonymous_43)
FN:163,(anonymous_44)
FN:164,(anonymous_45)
FNF:46
FNH:22
FNDA:0,(anonymous_0)
FNDA:2,(anonymous_1)
FNDA:4,(anonymous_2)
FNDA:7,(anonymous_3)
FNDA:8,(anonymous_4)
FNDA:9,(anonymous_5)
FNDA:9,(anonymous_6)
FNDA:15,(anonymous_7)
FNDA:0,(anonymous_8)
FNDA:0,(anonymous_9)
FNDA:0,(anonymous_10)
FNDA:0,(anonymous_11)
FNDA:0,(anonymous_12)
FNDA:0,(anonymous_13)
FNDA:0,(anonymous_14)
FNDA:0,(anonymous_15)
FNDA:2,(anonymous_16)
FNDA:0,(anonymous_17)
FNDA:0,(anonymous_18)
FNDA:0,(anonymous_19)
FNDA:0,(anonymous_20)
FNDA:0,(anonymous_21)
FNDA:6,(anonymous_22)
FNDA:0,(anonymous_23)
FNDA:0,(anonymous_24)
FNDA:0,(anonymous_25)
FNDA:0,(anonymous_26)
FNDA:0,(anonymous_27)
FNDA:0,(anonymous_28)
FNDA:0,(anonymous_29)
FNDA:0,(anonymous_30)
FNDA:0,(anonymous_31)
FNDA:0,(anonymous_32)
FNDA:2,(anonymous_33)
FNDA:2,(anonymous_34)
FNDA:1,(anonymous_35)
FNDA:1,(anonymous_36)
FNDA:3,(anonymous_37)
FNDA:1,(anonymous_38)
FNDA:1,(anonymous_39)
FNDA:1,(anonymous_40)
FNDA:2,(anonymous_41)
FNDA:3,(anonymous_42)
FNDA:1,(anonymous_43)
FNDA:1,(anonymous_44)
FNDA:1,(anonymous_45)
DA:62,4
DA:69,8
DA:72,4
DA:73,11
DA:74,12
DA:75,13
DA:76,13
DA:77,19
DA:78,4
DA:79,4
DA:80,4
DA:84,4
DA:85,4
DA:86,4
DA:87,4
DA:88,4
DA:94,4
DA:95,4
DA:96,6
DA:104,4
DA:105,4
DA:106,4
DA:107,4
DA:108,4
DA:109,10
DA:110,4
DA:111,4
DA:115,4
DA:116,4
DA:117,4
DA:118,4
DA:119,4
DA:127,4
DA:128,4
DA:129,4
DA:130,4
DA:131,4
DA:141,4
DA:142,6
DA:143,6
DA:144,5
DA:154,4
DA:155,5
DA:156,7
DA:157,5
DA:158,5
DA:159,5
DA:160,6
DA:161,7
DA:162,5
DA:163,5
DA:164,5
LF:52
LH:52
BRF:0
BRH:0
end_of_record
TN:
SF:src/lsh.ts
FN:39,splitmix64
FN:53,signFor
FN:83,simhashLshMulti
FN:148,hammingDistanceHex
FN:149,(anonymous_4)
FN:188,cosineFromHamming
FN:210,normalizeVector
FN:211,(anonymous_7)
FN:215,(anonymous_8)
FNF:9
FNH:9
FNDA:10602063,splitmix64
FNDA:10602056,signFor
FNDA:18,simhashLshMulti
FNDA:47,hammingDistanceHex
FNDA:94,(anonymous_4)
FNDA:40,cosineFromHamming
FNDA:5,normalizeVector
FNDA:3592,(anonymous_7)
FNDA:3592,(anonymous_8)
DA:33,11
DA:40,10602063
DA:41,10602063
DA:42,10602063
DA:43,10602063
DA:44,10602063
DA:45,10602063
DA:46,10602063
DA:55,10602056
DA:56,10602056
DA:58,10602056
DA:83,11
DA:87,18
DA:88,18
DA:89,18
DA:90,18
DA:92,18
DA:93,53
DA:94,53
DA:95,12544
DA:96,12544
DA:97,10015744
DA:98,10015744
DA:100,12544
DA:104,53
DA:105,53
DA:107,3136
DA:111,3136
DA:115,53
DA:116,53
DA:117,53
DA:118,784
DA:119,784
DA:120,53
DA:124,53
DA:127,18
DA:148,11
DA:149,94
DA:150,47
DA:151,47
DA:152,47
DA:153,47
DA:155,47
DA:156,2424
DA:157,2424
DA:158,2424
DA:159,2424
DA:163,47
DA:165,47
DA:188,11
DA:189,40
DA:190,0
DA:192,40
DA:193,40
DA:210,11
DA:211,3592
DA:212,5
DA:213,0
DA:215,3592
DA:222,11
LF:60
LH:58
BRDA:58,0,0,5300207
BRDA:58,0,1,5301849
BRDA:85,1,0,0
BRDA:87,2,0,18
BRDA:87,2,1,0
BRDA:88,3,0,18
BRDA:88,3,1,0
BRDA:89,4,0,18
BRDA:89,4,1,0
BRDA:107,5,0,1346
BRDA:107,5,1,1790
BRDA:108,6,0,1367
BRDA:108,6,1,1769
BRDA:109,7,0,1351
BRDA:109,7,1,1785
BRDA:110,8,0,1437
BRDA:110,8,1,1699
BRDA:115,9,0,53
BRDA:115,9,1,0
BRDA:119,10,0,53
BRDA:189,11,0,0
BRDA:212,12,0,0
BRF:22
BRH:15
end_of_record
TN:
SF:src/sign.ts
FN:63,signText
FN:155,createProviderForVersion
FN:163,(anonymous_8)
FN:164,(anonymous_9)
FN:179,(anonymous_10)
FN:210,resolveVersion
FN:247,resolveVersionEnum
FN:254,getExpectedDimensions
FNF:8
FNH:6
FNDA:14,signText
FNDA:1,createProviderForVersion
FNDA:0,(anonymous_8)
FNDA:0,(anonymous_9)
FNDA:1,(anonymous_10)
FNDA:13,resolveVersion
FNDA:14,resolveVersionEnum
FNDA:12,getExpectedDimensions
DA:5,6
DA:7,6
DA:63,6
DA:71,14
DA:73,14
DA:74,14
DA:75,14
DA:78,14
DA:80,14
DA:82,14
DA:83,1
DA:87,13
DA:90,11
DA:93,11
DA:100,11
DA:101,11
DA:102,0
DA:109,11
DA:115,11
DA:119,11
DA:121,11
DA:126,11
DA:139,11
DA:142,14
DA:143,0
DA:158,1
DA:160,1
DA:162,0
DA:163,0
DA:164,0
DA:165,0
DA:166,0
DA:168,0
DA:169,0
DA:174,0
DA:176,1
DA:178,1
DA:179,2
DA:180,1
DA:181,1
DA:182,1
DA:187,0
DA:189,1
DA:190,0
DA:195,1
DA:198,0
DA:214,13
DA:215,13
DA:219,13
DA:220,3
DA:221,10
DA:222,9
DA:224,1
DA:232,12
DA:233,1
DA:241,11
DA:248,14
DA:255,12
DA:257,4
DA:259,8
DA:261,0
DA:263,0
LF:62
LH:47
BRDA:73,0,0,14
BRDA:73,0,1,6
BRDA:82,1,0,1
BRDA:93,2,0,11
BRDA:93,2,1,10
BRDA:101,3,0,0
BRDA:119,4,0,10
BRDA:119,4,1,1
BRDA:142,5,0,0
BRDA:142,6,0,14
BRDA:142,6,1,1
BRDA:160,7,0,0
BRDA:160,7,1,1
BRDA:168,8,0,0
BRDA:176,9,0,1
BRDA:176,9,1,0
BRDA:181,10,0,1
BRDA:189,11,0,0
BRDA:219,12,0,3
BRDA:219,12,1,10
BRDA:221,13,0,9
BRDA:221,13,1,1
BRDA:232,14,0,1
BRDA:232,15,0,12
BRDA:232,15,1,6
BRDA:248,16,0,7
BRDA:248,16,1,7
BRDA:255,17,0,4
BRDA:255,17,1,8
BRDA:255,17,2,0
BRDA:255,17,3,0
BRF:31
BRH:23
end_of_record
TN:
SF:src/types.ts
FN:14,(anonymous_6)
FN:23,(anonymous_7)
FN:95,getSignatureString
FN:104,resolveVersion
FN:114,embeddingDimensions
FN:127,versionToAlgorithm
FN:140,algorithmToVersion
FN:164,signatureString
FN:185,parseSignatureString
FN:241,computeEmbeddingSha256
FN:243,(anonymous_16)
FN:246,(anonymous_17)
FNF:12
FNH:8
FNDA:10,(anonymous_6)
FNDA:10,(anonymous_7)
FNDA:5,getSignatureString
FNDA:21,resolveVersion
FNDA:0,embeddingDimensions
FNDA:0,versionToAlgorithm
FNDA:0,algorithmToVersion
FNDA:0,signatureString
FNDA:13,parseSignatureString
FNDA:10,computeEmbeddingSha256
FNDA:3610,(anonymous_16)
FNDA:3610,(anonymous_17)
DA:5,10
DA:6,10
DA:14,10
DA:15,10
DA:16,10
DA:17,10
DA:23,10
DA:24,10
DA:25,10
DA:26,10
DA:95,10
DA:96,5
DA:97,5
DA:98,5
DA:104,10
DA:105,21
DA:106,0
DA:108,21
DA:114,10
DA:115,0
DA:116,0
DA:117,0
DA:118,0
DA:119,0
DA:121,0
DA:127,10
DA:128,0
DA:129,0
DA:130,0
DA:131,0
DA:132,0
DA:134,0
DA:140,10
DA:141,0
DA:142,0
DA:143,0
DA:144,0
DA:146,0
DA:164,10
DA:165,0
DA:166,0
DA:185,10
DA:186,13
DA:187,3
DA:190,10
DA:191,10
DA:192,1
DA:195,9
DA:196,9
DA:199,9
DA:200,3
DA:204,6
DA:205,3
DA:208,3
DA:241,10
DA:243,3610
DA:246,10
DA:248,3610
DA:249,1
DA:252,3609
DA:254,3609
DA:255,7
DA:257,3609
DA:260,10
DA:262,10
LF:65
LH:45
BRDA:14,0,0,10
BRDA:14,0,1,10
BRDA:23,1,0,10
BRDA:23,1,1,10
BRDA:105,2,0,0
BRDA:116,3,0,0
BRDA:116,3,1,0
BRDA:118,4,0,0
BRDA:129,5,0,0
BRDA:129,5,1,0
BRDA:131,6,0,0
BRDA:141,7,0,0
BRDA:141,7,1,0
BRDA:143,8,0,0
BRDA:186,9,0,3
BRDA:191,10,0,1
BRDA:199,11,0,3
BRDA:204,12,0,3
BRDA:248,13,0,1
BRDA:254,14,0,7
BRDA:254,15,0,3609
BRDA:254,15,1,7
BRF:22
BRH:12
end_of_record
TN:
SF:src/hashers/index.ts
FN:31,(anonymous_0)
FN:24,getHasher
FNF:2
FNH:2
FNDA:4,(anonymous_0)
FNDA:2,getHasher
DA:6,4
DA:7,4
DA:24,4
DA:25,2
DA:26,1
DA:28,1
DA:31,8
LF:7
LH:7
BRDA:25,0,0,1
BRF:1
BRH:1
end_of_record
TN:
SF:src/hashers/lsh.ts
FN:33,(anonymous_0)
FN:47,(anonymous_1)
FNF:2
FNH:2
FNDA:3,(anonymous_0)
FNDA:2,(anonymous_1)
DA:10,4
DA:28,4
DA:34,3
DA:48,2
LF:4
LH:4
BRF:0
BRH:0
end_of_record
TN:
SF:src/providers/index.ts
FN:12,(anonymous_0)
FN:18,(anonymous_1)
FN:19,(anonymous_2)
FNF:3
FNH:3
FNDA:2,(anonymous_0)
FNDA:1,(anonymous_1)
FNDA:2,(anonymous_2)
DA:11,4
DA:12,6
DA:18,5
DA:19,6
LF:4
LH:4
BRF:0
BRH:0
end_of_record
TN:
SF:src/providers/model-cache.ts
FN:191,(anonymous_6)
FN:204,(anonymous_7)
FN:224,(anonymous_8)
FN:236,(anonymous_9)
FN:248,(anonymous_10)
FN:266,(anonymous_11)
FN:284,(anonymous_12)
FN:305,(anonymous_13)
FN:322,(anonymous_14)
FN:331,(anonymous_15)
FN:342,(anonymous_16)
FN:377,(anonymous_17)
FN:420,(anonymous_18)
FN:439,(anonymous_19)
FN:450,(anonymous_20)
FN:481,(anonymous_21)
FN:503,(anonymous_22)
FN:533,(anonymous_23)
FNF:18
FNH:8
FNDA:14,(anonymous_6)
FNDA:0,(anonymous_7)
FNDA:3,(anonymous_8)
FNDA:0,(anonymous_9)
FNDA:1,(anonymous_10)
FNDA:2,(anonymous_11)
FNDA:0,(anonymous_12)
FNDA:0,(anonymous_13)
FNDA:0,(anonymous_14)
FNDA:0,(anonymous_15)
FNDA:0,(anonymous_16)
FNDA:8,(anonymous_17)
FNDA:1,(anonymous_18)
FNDA:0,(anonymous_19)
FNDA:0,(anonymous_20)
FNDA:6,(anonymous_21)
FNDA:0,(anonymous_22)
FNDA:5,(anonymous_23)
DA:5,7
DA:6,7
DA:7,7
DA:8,7
DA:9,7
DA:10,7
DA:11,7
DA:110,7
DA:117,7
DA:125,7
DA:132,7
DA:144,7
DA:173,7
DA:174,7
DA:180,7
DA:181,7
DA:182,7
DA:192,14
DA:193,13
DA:194,1
DA:195,0
DA:197,1
DA:205,0
DA:225,3
DA:226,3
DA:237,0
DA:238,0
DA:239,0
DA:249,1
DA:250,1
DA:251,0
DA:255,1
DA:258,1
DA:262,1
DA:264,1
DA:266,2
DA:285,0
DA:286,0
DA:287,0
DA:291,0
DA:293,0
DA:294,0
DA:306,0
DA:307,0
DA:308,0
DA:311,0
DA:312,0
DA:314,0
DA:323,0
DA:332,0
DA:343,0
DA:344,0
DA:345,0
DA:382,8
DA:385,8
DA:386,2
DA:389,6
DA:390,5
DA:424,1
DA:427,1
DA:429,1
DA:432,1
DA:435,0
DA:438,0
DA:439,0
DA:454,0
DA:455,0
DA:457,0
DA:458,0
DA:460,0
DA:488,6
DA:490,6
DA:491,6
DA:493,6
DA:496,6
DA:499,6
DA:501,6
DA:502,6
DA:503,0
DA:508,6
DA:509,6
DA:510,6
DA:512,6
DA:517,6
DA:520,6
DA:521,1
DA:526,5
DA:530,5
DA:533,5
DA:536,5
DA:537,5
DA:538,5
DA:539,5
DA:541,2
DA:544,2
DA:556,5
DA:557,5
DA:558,5
DA:559,5
DA:560,0
DA:566,5
DA:567,5
DA:570,0
DA:571,0
DA:575,5
DA:576,5
DA:581,0
DA:582,0
DA:583,0
DA:584,0
DA:585,0
DA:587,0
DA:588,0
DA:592,5
DA:593,2
LF:115
LH:73
BRDA:192,0,0,13
BRDA:192,0,1,1
BRDA:194,1,0,0
BRDA:194,1,1,1
BRDA:224,2,0,0
BRDA:226,3,0,3
BRDA:226,3,1,0
BRDA:236,4,0,0
BRDA:248,5,0,0
BRDA:250,6,0,0
BRDA:265,7,0,1
BRDA:265,7,1,1
BRDA:265,7,2,1
BRDA:284,8,0,0
BRDA:286,9,0,0
BRDA:291,10,0,0
BRDA:291,10,1,0
BRDA:294,11,0,0
BRDA:294,11,1,0
BRDA:305,12,0,0
BRDA:311,13,0,0
BRDA:322,14,0,0
BRDA:331,15,0,0
BRDA:342,16,0,0
BRDA:380,17,0,1
BRDA:385,18,0,2
BRDA:422,19,0,0
BRDA:424,20,0,1
BRDA:427,21,0,1
BRDA:429,22,0,0
BRDA:429,22,1,1
BRDA:432,23,0,1
BRDA:454,24,0,0
BRDA:457,25,0,0
BRDA:488,26,0,6
BRDA:488,26,1,0
BRDA:490,27,0,6
BRDA:490,27,1,6
BRDA:490,27,2,6
BRDA:510,28,0,0
BRDA:520,29,0,1
BRDA:526,30,0,4
BRDA:526,30,1,1
BRDA:539,31,0,2
BRDA:541,32,0,1
BRDA:541,32,1,1
BRDA:559,33,0,0
BRDA:582,34,0,0
BRDA:582,34,1,0
BRDA:583,35,0,0
BRDA:592,36,0,2
BRDA:597,37,0,1
BRDA:597,37,1,1
BRF:53
BRH:26
end_of_record
TN:
SF:src/providers/onnx.ts
FN:44,(anonymous_6)
FN:74,(anonymous_7)
FN:148,(anonymous_8)
FN:152,(anonymous_9)
FN:156,(anonymous_10)
FN:160,(anonymous_11)
FN:200,(anonymous_12)
FN:210,(anonymous_13)
FN:229,(anonymous_14)
FN:257,(anonymous_15)
FNF:10
FNH:0
FNDA:0,(anonymous_6)
FNDA:0,(anonymous_7)
FNDA:0,(anonymous_8)
FNDA:0,(anonymous_9)
FNDA:0,(anonymous_10)
FNDA:0,(anonymous_11)
FNDA:0,(anonymous_12)
FNDA:0,(anonymous_13)
FNDA:0,(anonymous_14)
FNDA:0,(anonymous_15)
DA:5,4
DA:7,4
DA:8,4
DA:29,4
DA:30,4
DA:31,4
DA:32,4
DA:52,0
DA:53,0
DA:54,0
DA:55,0
DA:56,0
DA:57,0
DA:79,0
DA:80,0
DA:83,0
DA:87,0
DA:89,0
DA:91,0
DA:98,0
DA:99,0
DA:107,0
DA:109,0
DA:110,0
DA:111,0
DA:113,0
DA:123,0
DA:124,0
DA:125,0
DA:127,0
DA:128,0
DA:130,0
DA:135,0
DA:136,0
DA:138,0
DA:149,0
DA:153,0
DA:157,0
DA:161,0
DA:164,0
DA:169,0
DA:176,0
DA:177,0
DA:180,0
DA:182,0
DA:185,0
DA:186,0
DA:187,0
DA:188,0
DA:191,0
DA:197,0
DA:200,0
DA:201,0
DA:203,0
DA:206,0
DA:207,0
DA:210,0
DA:212,0
DA:235,0
DA:236,0
DA:238,0
DA:239,0
DA:240,0
DA:241,0
DA:242,0
DA:243,0
DA:248,0
DA:249,0
DA:250,0
DA:254,0
LF:70
LH:7
BRDA:79,0,0,0
BRDA:79,0,1,0
BRDA:80,1,0,0
BRDA:80,1,1,0
BRDA:136,2,0,0
BRDA:136,2,1,0
BRDA:164,3,0,0
BRDA:164,3,1,0
BRDA:240,4,0,0
BRDA:248,5,0,0
BRF:10
BRH:0
end_of_record
TN:
SF:src/providers/openai.ts
FN:44,(anonymous_0)
FN:70,(anonymous_1)
FN:74,(anonymous_2)
FN:78,(anonymous_3)
FN:82,(anonymous_4)
FN:113,(anonymous_5)
FNF:6
FNH:0
FNDA:0,(anonymous_0)
FNDA:0,(anonymous_1)
FNDA:0,(anonymous_2)
FNDA:0,(anonymous_3)
FNDA:0,(anonymous_4)
FNDA:0,(anonymous_5)
DA:5,5
DA:6,5
DA:24,5
DA:25,5
DA:26,5
DA:27,5
DA:51,0
DA:52,0
DA:53,0
DA:56,0
DA:58,0
DA:59,0
DA:64,0
DA:71,0
DA:75,0
DA:79,0
DA:83,0
DA:86,0
DA:92,0
DA:95,0
DA:96,0
DA:99,0
DA:100,0
DA:102,0
LF:24
LH:6
BRDA:51,0,0,0
BRDA:51,0,1,0
BRDA:52,1,0,0
BRDA:52,1,1,0
BRDA:53,2,0,0
BRDA:53,2,1,0
BRDA:61,3,0,0
BRDA:61,3,1,0
BRDA:96,4,0,0
BRDA:96,4,1,0
BRF:10
BRH:0
end_of_record
TN:
SF:src/susfactor/classifier.ts
FN:39,softmaxSuspicious
FN:51,labelForScore
FN:70,(anonymous_8)
FN:89,(anonymous_9)
FN:159,(anonymous_10)
FN:163,(anonymous_11)
FN:170,(anonymous_12)
FN:216,(anonymous_13)
FNF:8
FNH:6
FNDA:9,softmaxSuspicious
FNDA:10,labelForScore
FNDA:8,(anonymous_8)
FNDA:2,(anonymous_9)
FNDA:0,(anonymous_10)
FNDA:0,(anonymous_11)
FNDA:7,(anonymous_12)
FNDA:3,(anonymous_13)
DA:16,6
DA:20,6
DA:21,6
DA:29,6
DA:31,6
DA:32,6
DA:33,6
DA:34,6
DA:39,6
DA:40,9
DA:41,9
DA:42,9
DA:43,9
DA:44,9
DA:45,9
DA:51,6
DA:55,10
DA:64,6
DA:76,8
DA:77,8
DA:78,8
DA:79,8
DA:102,2
DA:103,2
DA:107,2
DA:114,1
DA:116,1
DA:118,0
DA:126,1
DA:128,1
DA:129,1
DA:130,1
DA:132,0
DA:144,1
DA:145,1
DA:146,1
DA:148,0
DA:149,0
DA:150,0
DA:151,0
DA:152,0
DA:156,0
DA:160,0
DA:164,0
DA:171,7
DA:177,7
DA:182,7
DA:183,7
DA:184,7
DA:187,7
DA:188,7
DA:189,7
DA:194,7
DA:201,7
DA:202,7
DA:203,7
DA:204,7
DA:206,7
LF:58
LH:48
BRDA:55,0,0,7
BRDA:55,0,1,3
BRDA:74,1,0,1
BRDA:91,2,0,2
BRDA:102,3,0,2
BRDA:102,3,1,2
BRDA:103,4,0,2
BRDA:103,4,1,2
BRDA:201,5,0,7
BRDA:201,5,1,0
BRF:10
BRH:9
end_of_record
TN:
SF:src/susfactor/compare.ts
FN:35,susFactor
FNF:1
FNH:1
FNDA:4,susFactor
DA:7,6
DA:8,6
DA:35,6
DA:39,4
DA:40,1
DA:43,3
DA:44,3
DA:48,3
DA:49,3
DA:51,3
LF:10
LH:10
BRDA:37,0,0,0
BRDA:39,1,0,1
BRDA:43,2,0,3
BRDA:43,2,1,0
BRDA:46,3,0,3
BRDA:46,3,1,2
BRF:6
BRH:4
end_of_record
TN:
SF:src/susfactor/index.ts
FN:21,(anonymous_0)
FN:22,(anonymous_1)
FN:23,(anonymous_2)
FN:24,(anonymous_3)
FN:25,(anonymous_4)
FN:26,(anonymous_5)
FN:27,(anonymous_6)
FN:29,(anonymous_7)
FN:31,(anonymous_8)
FN:31,(anonymous_9)
FNF:10
FNH:10
FNDA:7,(anonymous_0)
FNDA:3,(anonymous_1)
FNDA:4,(anonymous_2)
FNDA:4,(anonymous_3)
FNDA:1,(anonymous_4)
FNDA:1,(anonymous_5)
FNDA:1,(anonymous_6)
FNDA:2,(anonymous_7)
FNDA:1,(anonymous_8)
FNDA:2,(anonymous_9)
DA:20,5
DA:21,12
DA:22,8
DA:23,9
DA:24,9
DA:25,6
DA:26,6
DA:27,6
DA:29,7
DA:31,7
LF:10
LH:10
BRF:0
BRH:0
end_of_record
TN:
SF:src/susfactor/types.ts
FNF:0
FNH:0
DA:7,6
DA:8,6
LF:2
LH:2
BRF:0
BRH:0
end_of_record
TN:
SF:src/threatfeed/cache.ts
FN:51,computeBands
FN:89,(anonymous_7)
FN:110,(anonymous_8)
FN:128,(anonymous_9)
FN:149,(anonymous_10)
FN:163,(anonymous_11)
FN:199,(anonymous_12)
FN:254,(anonymous_13)
FN:296,(anonymous_14)
FN:301,(anonymous_15)
FN:306,(anonymous_16)
FN:311,(anonymous_17)
FN:316,(anonymous_18)
FN:323,(anonymous_19)
FN:327,(anonymous_20)
FN:329,(anonymous_21)
FN:330,(anonymous_22)
FN:334,(anonymous_23)
FN:336,(anonymous_24)
FN:356,(anonymous_25)
FNF:20
FNH:12
FNDA:60,computeBands
FNDA:16,(anonymous_7)
FNDA:3,(anonymous_8)
FNDA:1,(anonymous_9)
FNDA:1,(anonymous_10)
FNDA:1,(anonymous_11)
FNDA:0,(anonymous_12)
FNDA:16,(anonymous_13)
FNDA:22,(anonymous_14)
FNDA:3,(anonymous_15)
FNDA:0,(anonymous_16)
FNDA:0,(anonymous_17)
FNDA:11,(anonymous_18)
FNDA:4,(anonymous_19)
FNDA:0,(anonymous_20)
FNDA:0,(anonymous_21)
FNDA:0,(anonymous_22)
FNDA:0,(anonymous_23)
FNDA:0,(anonymous_24)
FNDA:11,(anonymous_25)
DA:5,7
DA:6,7
DA:7,7
DA:9,7
DA:10,7
DA:11,7
DA:16,7
DA:19,7
DA:22,7
DA:51,7
DA:52,60
DA:53,0
DA:57,60
DA:58,60
DA:59,60
DA:60,960
DA:62,60
DA:71,7
DA:76,16
DA:77,16
DA:79,16
DA:94,16
DA:95,16
DA:96,16
DA:98,16
DA:111,3
DA:112,3
DA:113,1
DA:117,2
DA:118,2
DA:119,2
DA:121,0
DA:124,2
DA:125,1
DA:128,1
DA:137,1
DA:138,1
DA:139,1
DA:141,1
DA:150,1
DA:151,1
DA:153,0
DA:156,1
DA:163,1
DA:175,1
DA:176,1
DA:178,1
DA:179,1
DA:180,1
DA:182,0
DA:183,0
DA:187,0
DA:203,0
DA:204,0
DA:205,0
DA:207,0
DA:208,0
DA:210,0
DA:211,0
DA:212,0
DA:213,0
DA:214,0
DA:228,0
DA:229,0
DA:230,0
DA:231,0
DA:233,0
DA:236,0
DA:237,0
DA:238,0
DA:240,0
DA:258,16
DA:259,16
DA:261,16
DA:264,16
DA:265,16
DA:266,256
DA:267,256
DA:268,256
DA:269,160
DA:270,509
DA:276,16
DA:277,16
DA:278,32
DA:279,32
DA:280,32
DA:281,32
DA:282,32
DA:283,32
DA:296,22
DA:297,16
DA:302,3
DA:307,0
DA:312,0
DA:317,11
DA:318,11
DA:324,4
DA:328,0
DA:329,0
DA:330,0
DA:331,0
DA:335,0
DA:336,0
DA:338,0
DA:339,0
DA:341,0
DA:342,0
DA:343,0
DA:344,0
DA:345,0
DA:347,0
DA:348,0
DA:349,0
DA:353,0
DA:357,11
DA:358,11
DA:359,37
DA:360,37
DA:361,592
DA:362,592
DA:363,243
DA:365,592
LF:122
LH:78
BRDA:51,0,0,0
BRDA:52,1,0,0
BRDA:52,2,0,60
BRDA:52,2,1,60
BRDA:96,3,0,16
BRDA:96,3,1,16
BRDA:99,4,0,16
BRDA:99,4,1,12
BRDA:99,4,2,12
BRDA:112,5,0,1
BRDA:124,6,0,1
BRDA:128,7,0,1
BRDA:128,7,1,0
BRDA:137,8,0,1
BRDA:137,8,1,0
BRDA:139,9,0,1
BRDA:139,9,1,0
BRDA:159,10,0,1
BRDA:159,10,1,1
BRDA:203,11,0,0
BRDA:203,11,1,0
BRDA:204,12,0,0
BRDA:204,12,1,0
BRDA:213,13,0,0
BRDA:228,14,0,0
BRDA:228,14,1,0
BRDA:258,15,0,16
BRDA:258,15,1,10
BRDA:259,16,0,16
BRDA:259,16,1,15
BRDA:268,17,0,160
BRDA:278,18,0,0
BRDA:282,19,0,32
BRDA:331,20,0,0
BRDA:331,20,1,0
BRDA:343,21,0,0
BRDA:343,21,1,0
BRDA:362,22,0,243
BRF:38
BRH:21
end_of_record
TN:
SF:src/threatfeed/client.ts
FN:39,(anonymous_0)
FN:61,(anonymous_1)
FN:73,(anonymous_2)
FN:89,(anonymous_3)
FN:102,(anonymous_4)
FN:126,(anonymous_5)
FN:145,(anonymous_6)
FNF:7
FNH:7
FNDA:21,(anonymous_0)
FNDA:3,(anonymous_1)
FNDA:11,(anonymous_2)
FNDA:1,(anonymous_3)
FNDA:2,(anonymous_4)
FNDA:1,(anonymous_5)
FNDA:12,(anonymous_6)
DA:5,5
DA:7,5
DA:34,5
DA:40,21
DA:46,21
DA:47,2
DA:52,19
DA:57,19
DA:62,3
DA:74,11
DA:75,11
DA:76,11
DA:78,11
DA:79,12
DA:80,9
DA:81,9
DA:83,9
DA:84,8
DA:86,1
DA:89,1
DA:92,8
DA:103,2
DA:104,2
DA:110,2
DA:111,2
DA:113,0
DA:116,2
DA:117,1
DA:118,1
DA:124,1
DA:125,1
DA:126,1
DA:132,1
DA:149,12
DA:150,12
DA:151,1
DA:154,12
DA:160,12
DA:161,12
DA:163,0
DA:166,12
DA:167,3
DA:168,3
DA:174,9
LF:44
LH:42
BRDA:39,0,0,5
BRDA:41,1,0,21
BRDA:41,1,1,5
BRDA:41,1,2,3
BRDA:41,1,3,2
BRDA:46,2,0,2
BRDA:53,3,0,19
BRDA:53,3,1,6
BRDA:53,3,2,5
BRDA:57,4,0,19
BRDA:57,4,1,19
BRDA:83,5,0,8
BRDA:116,6,0,1
BRDA:125,7,0,1
BRDA:125,7,1,0
BRDA:136,8,0,1
BRDA:136,8,1,0
BRDA:137,9,0,1
BRDA:137,9,1,0
BRDA:150,10,0,1
BRDA:166,11,0,3
BRF:21
BRH:18
end_of_record
TN:
SF:src/threatfeed/compare.ts
FN:37,compareToThreatfeed
FNF:1
FNH:1
FNDA:5,compareToThreatfeed
DA:37,5
DA:42,5
DA:43,5
LF:3
LH:3
BRF:0
BRH:0
end_of_record
TN:
SF:src/threatfeed/index.ts
FN:25,(anonymous_0)
FN:26,(anonymous_1)
FN:27,(anonymous_2)
FN:36,(anonymous_3)
FNF:4
FNH:0
FNDA:0,(anonymous_0)
FNDA:0,(anonymous_1)
FNDA:0,(anonymous_2)
FNDA:0,(anonymous_3)
DA:25,4
DA:26,4
DA:27,4
DA:36,4
LF:4
LH:4
BRF:0
BRH:0
end_of_record
TN:
SF:src/threatfeed/types.ts
FN:76,parseThreatFeedResponse
FN:82,(anonymous_1)
FN:90,(anonymous_2)
FNF:3
FNH:3
FNDA:9,parseThreatFeedResponse
FNDA:7,(anonymous_1)
FNDA:7,(anonymous_2)
DA:76,5
DA:77,9
DA:78,9
DA:82,7
DA:90,7
LF:5
LH:5
BRDA:77,0,0,9
BRDA:77,0,1,0
BRDA:86,1,0,7
BRDA:86,1,1,0
BRDA:87,2,0,7
BRDA:87,2,1,0
BRDA:89,3,0,7
BRDA:89,3,1,0
BRF:8
BRH:4
end_of_record
